#
# A fatal error has been detected by the Java Runtime Environment:
#
#  SIGSEGV (0xb) at pc=0x00007ab70c4800dd, pid=140175, tid=140176
#
# JRE version: OpenJDK Runtime Environment (21.0.6+7) (build 21.0.6+7-Ubuntu-122.04.1)
# Java VM: OpenJDK 64-Bit Server VM (21.0.6+7-Ubuntu-122.04.1, mixed mode, sharing, tiered, compressed oops, compressed class ptrs, serial gc, linux-amd64)
# Problematic frame:
# C  [libc.so.6+0x800dd]  getdelim+0x2d
#
# Core dump will be written. Default location: Core dumps may be processed with "/usr/share/apport/apport -p%p -s%s -c%c -d%d -P%P -u%u -g%g -- %E" (or dumping to /home/ubuntu/libreria-web/core.140175)
#
# If you would like to submit a bug report, please visit:
#   https://bugs.launchpad.net/ubuntu/+source/openjdk-21
# The crash happened outside the Java Virtual Machine in native code.
# See problematic frame for where to report the bug.
#

---------------  S U M M A R Y ------------

Command Line: aplicacion.Aplicacion

Host: Intel(R) Xeon(R) CPU E5-2686 v4 @ 2.30GHz, 1 cores, 957M, Ubuntu 22.04.5 LTS
Time: Sun May  4 01:29:52 2025 UTC elapsed time: 1.387576 seconds (0d 0h 0m 1s)

---------------  T H R E A D  ---------------

Current thread (0x00007ab704018e20):  JavaThread "main"             [_thread_in_native, id=140176, stack(0x00007ab70ad00000,0x00007ab70ae00000) (1024K)]

Stack: [0x00007ab70ad00000,0x00007ab70ae00000],  sp=0x00007ab70adfe520,  free space=1017k
Native frames: (J=compiled Java code, j=interpreted, Vv=VM code, C=native code)
C  [libc.so.6+0x800dd]  getdelim+0x2d
C  [libeval.so+0x1a65]  getVeredict+0x31d
C  [libevaluador.so+0x15e2]  Java_libevaluador_Evaluador_evaluar+0x449
j  libevaluador.Evaluador.evaluar(Ljava/lang/String;[[Ljava/lang/String;[[Ljava/lang/String;ILjava/lang/String;)Ljava/lang/String;+0
j  aplicacion.Aplicacion.<init>()V+1334
j  aplicacion.Aplicacion.main([Ljava/lang/String;)V+4
v  ~StubRoutines::call_stub 0x00007ab6f3d38cc6
V  [libjvm.so+0x90bd3a]  JavaCalls::call_helper(JavaValue*, methodHandle const&, JavaCallArguments*, JavaThread*)+0x2da
V  [libjvm.so+0x9b3c50]  jni_invoke_static(JNIEnv_*, JavaValue*, _jobject*, JNICallType, _jmethodID*, JNI_ArgumentPusher*, JavaThread*) [clone .constprop.1]+0x360
V  [libjvm.so+0x9c69a1]  jni_CallStaticVoidMethod+0x251
C  [libjli.so+0x5546]  JavaMain+0xfc6
C  [libjli.so+0x83ed]  ThreadJavaMain+0xd
Java frames: (J=compiled Java code, j=interpreted, Vv=VM code)
j  libevaluador.Evaluador.evaluar(Ljava/lang/String;[[Ljava/lang/String;[[Ljava/lang/String;ILjava/lang/String;)Ljava/lang/String;+0
j  aplicacion.Aplicacion.<init>()V+1334
j  aplicacion.Aplicacion.main([Ljava/lang/String;)V+4
v  ~StubRoutines::call_stub 0x00007ab6f3d38cc6

siginfo: si_signo: 11 (SIGSEGV), si_code: 1 (SEGV_MAPERR), si_addr: 0x0000000000000000

Registers:
RAX=0x00007ab70adfe5a8, RBX=0x00007ab704083630, RCX=0x0000000000000000, RDX=0x000000000000000a
RSP=0x00007ab70adfe520, RBP=0x00007ab70adfe5d0, RSI=0x00007ab70adfe5b0, RDI=0x00007ab70adfe5a8
R8 =0x0000000000000000, R9 =0x00007ab704083c80, R10=0x00007ab70c404ed8, R11=0x00007ab70c461db0
R12=0x0000000000000000, R13=0x00007ab6a04017c8, R14=0x00007ab70adfe850, R15=0x00007ab704018e20
RIP=0x00007ab70c4800dd, EFLAGS=0x0000000000010202, CSGSFS=0x002b000000000033, ERR=0x0000000000000004
  TRAPNO=0x000000000000000e

XMM[0]=0x0000002000000000 0xfffffffe7ffbfa27
XMM[1]=0x00007ab704000090 0x00007ab704000090
XMM[2]=0x00007ab70c5d9aa6 0x00007ab70c368050
XMM[3]=0x0000000000000000 0x0000000103ae75f6
XMM[4]=0x0000000000000005 0x00007ab70c7c7f71
XMM[5]=0x00007ab70c4131a0 0x00007ab70c7c80d2
XMM[6]=0x00007ab6a04017c8 0x00007ffe0fba5e00
XMM[7]=0x00007ab70adfe5d0 0x00007ab70adfe560
XMM[8]=0x70632d206176616a 0x0020636176616a00
XMM[9]=0x0000000000000000 0x0000000000000000
XMM[10]=0x0000000000000000 0x0000000000000000
XMM[11]=0x0000000000000000 0x00007ab70bf24a00
XMM[12]=0x0000000000000000 0x0000000000000000
XMM[13]=0x0000000000000000 0x0000000000000000
XMM[14]=0x0000000000000000 0x0000000000000000
XMM[15]=0xcafebabecafebabe 0xcafebabecafebabe
  MXCSR=0x00001fa0


Register to memory mapping:

RAX=0x00007ab70adfe5a8 is pointing into the stack for thread: 0x00007ab704018e20
RBX=0x00007ab704083630 points into unknown readable memory: 0x00007ab704083930 | 30 39 08 04 b7 7a 00 00
RCX=0x0 is null
RDX=0x000000000000000a is an unknown value
RSP=0x00007ab70adfe520 is pointing into the stack for thread: 0x00007ab704018e20
RBP=0x00007ab70adfe5d0 is pointing into the stack for thread: 0x00007ab704018e20
RSI=0x00007ab70adfe5b0 is pointing into the stack for thread: 0x00007ab704018e20
RDI=0x00007ab70adfe5a8 is pointing into the stack for thread: 0x00007ab704018e20
R8 =0x0 is null
R9 =0x00007ab704083c80 points into unknown readable memory: 0x0000000000000000 | 00 00 00 00 00 00 00 00
R10=0x00007ab70c404ed8: <offset 0x0000000000004ed8> in /lib/x86_64-linux-gnu/libc.so.6 at 0x00007ab70c400000
R11=0x00007ab70c461db0: getline+0x0000000000000000 in /lib/x86_64-linux-gnu/libc.so.6 at 0x00007ab70c400000
R12=0x0 is null
R13={method} {0x00007ab6a04017c8} 'evaluar' '(Ljava/lang/String;[[Ljava/lang/String;[[Ljava/lang/String;ILjava/lang/String;)Ljava/lang/String;' in 'libevaluador/Evaluador'
R14=0x00007ab70adfe850 is pointing into the stack for thread: 0x00007ab704018e20
R15=0x00007ab704018e20 is a thread

Top of Stack: (sp=0x00007ab70adfe520)
0x00007ab70adfe520:   0000000000000000 0000000000000000
0x00007ab70adfe530:   00007ab70adfe5b0 0000000a00000000
0x00007ab70adfe540:   00007ab70c366000 00007ab704083630
0x00007ab70adfe550:   00007ab70adfe5d0 0000000000000000
0x00007ab70adfe560:   00007ab6a04017c8 00007ab70adfe850
0x00007ab70adfe570:   00007ab704018e20 00007ab70c3654cf
0x00007ab70adfe580:   0000000000000000 0000000400000000
0x00007ab70adfe590:   00007ab7040816a0 00007ab704083aa0
0x00007ab70adfe5a0:   0000000000000000 0000000000000000
0x00007ab70adfe5b0:   0000000000000000 0000000000000000
0x00007ab70adfe5c0:   00007ab704083630 f4f33569507a7900
0x00007ab70adfe5d0:   00007ab70adfe6a0 00007ab70c365a65
0x00007ab70adfe5e0:   00007ab7040814b0 00007ab704082580
0x00007ab70adfe5f0:   0000000a00000000 00007ab70407eec0
0x00007ab70adfe600:   00007ab704081320 00007ab70407fea0
0x00007ab70adfe610:   0000000000000000 0000008000000000
0x00007ab70adfe620:   0000000100000000 0000000000000080
0x00007ab70adfe630:   00007ab7040839a0 00007ab7040839f0
0x00007ab70adfe640:   00007ab704083be0 00007ffe0fad4747
0x00007ab70adfe650:   00007ab704083aa0 00007ab704083ad0
0x00007ab70adfe660:   00007ab704083b20 00007ab704083b90
0x00007ab70adfe670:   00007ab704000c30 0000000000000000
0x00007ab70adfe680:   00007ab704083c20 00007ab70407fea0
0x00007ab70adfe690:   00007ab704083630 f4f33569507a7900
0x00007ab70adfe6a0:   00007ab70adfe780 00007ab70c3805e2
0x00007ab70adfe6b0:   00000000000003e8 00007ab70c3805b8
0x00007ab70adfe6c0:   000003e800000000 00007ab70adfe838
0x00007ab70adfe6d0:   00007ab70adfe840 00007ab70adfe848
0x00007ab70adfe6e0:   00007ab70adfe850 00007ab7040191d8
0x00007ab70adfe6f0:   0000000000000000 0000000a0adfe700
0x00007ab70adfe700:   0000000a00000014 0000000a00000015
0x00007ab70adfe710:   00007ab70407fea0 00007ab7040814e0 

Instructions: (pc=0x00007ab70c4800dd)
0x00007ab70c47ffdd:   c6 41 0f 94 c7 f7 03 00 80 00 00 75 1e 48 8b bb
0x00007ab70c47ffed:   88 00 00 00 83 6f 04 01 75 11 48 c7 47 08 00 00
0x00007ab70c47fffd:   00 00 31 c0 87 07 83 f8 01 7f 60 4d 39 f4 74 05
0x00007ab70c48000d:   45 84 ff 74 5d 49 89 ec 48 83 c4 08 4c 89 e0 5b
0x00007ab70c48001d:   5d 41 5c 41 5d 41 5e 41 5f c3 66 0f 1f 84 00 00
0x00007ab70c48002d:   00 00 00 83 f8 ff 0f 84 6a ff ff ff f7 03 00 80
0x00007ab70c48003d:   00 00 75 1f 48 8b bb 88 00 00 00 83 6f 04 01 75
0x00007ab70c48004d:   12 45 31 ff 45 31 f6 eb a1 66 2e 0f 1f 84 00 00
0x00007ab70c48005d:   00 00 00 45 31 e4 eb b0 0f 1f 00 e8 93 12 01 00
0x00007ab70c48006d:   eb 99 4c 89 f0 31 d2 49 f7 f5 49 89 c4 eb 99 0f
0x00007ab70c48007d:   1f 40 00 e8 6b 9e 00 00 e9 40 ff ff ff 66 0f 1f
0x00007ab70c48008d:   44 00 00 e8 9b 11 01 00 e9 e2 fe ff ff f3 0f 1e
0x00007ab70c48009d:   fa 48 89 c5 e9 0b 91 fa ff 66 2e 0f 1f 84 00 00
0x00007ab70c4800ad:   00 00 00 f3 0f 1e fa 41 57 41 56 41 55 41 54 55
0x00007ab70c4800bd:   53 48 83 ec 28 48 89 74 24 10 89 54 24 1c 48 85
0x00007ab70c4800cd:   ff 0f 84 6b 02 00 00 48 85 f6 0f 84 62 02 00 00
0x00007ab70c4800dd:   8b 11 48 89 fd 48 89 cb 89 d0 25 00 80 00 00 0f
0x00007ab70c4800ed:   84 7e 01 00 00 83 e2 20 0f 85 f5 01 00 00 48 83
0x00007ab70c4800fd:   7d 00 00 74 0b 48 8b 44 24 10 48 83 38 00 75 23
0x00007ab70c48010d:   48 8b 44 24 10 bf 78 00 00 00 48 c7 00 78 00 00
0x00007ab70c48011d:   00 e8 5d 82 fa ff 48 89 45 00 48 85 c0 0f 84 ed
0x00007ab70c48012d:   01 00 00 4c 8b 43 08 4c 8b 73 10 4d 29 c6 4d 85
0x00007ab70c48013d:   f6 0f 8e bc 01 00 00 45 31 ff e9 8d 00 00 00 0f
0x00007ab70c48014d:   1f 40 00 48 8b 44 24 10 4f 8d 24 37 48 8b 7d 00
0x00007ab70c48015d:   49 8d 74 24 01 48 8b 00 48 39 f0 73 35 48 01 c0
0x00007ab70c48016d:   48 39 f0 48 0f 43 f0 48 89 74 24 08 e8 32 82 fa
0x00007ab70c48017d:   ff 48 8b 74 24 08 48 85 c0 48 89 c7 0f 84 8e 01
0x00007ab70c48018d:   00 00 48 89 45 00 48 8b 44 24 10 4c 8b 43 08 48
0x00007ab70c48019d:   89 30 4c 01 ff 4c 89 f2 4c 89 c6 e8 73 84 fa ff
0x00007ab70c4801ad:   4c 01 73 08 4d 85 ed 0f 85 26 01 00 00 48 89 df
0x00007ab70c4801bd:   e8 ae d6 00 00 83 f8 ff 0f 84 15 01 00 00 4c 8b
0x00007ab70c4801cd:   43 08 4c 8b 73 10 4d 89 e7 4d 29 c6 8b 74 24 1c 


Stack slot to memory mapping:

stack at sp + 0 slots: 0x0 is null
stack at sp + 1 slots: 0x0 is null
stack at sp + 2 slots: 0x00007ab70adfe5b0 is pointing into the stack for thread: 0x00007ab704018e20
stack at sp + 3 slots: 0x0000000a00000000 is an unknown value
stack at sp + 4 slots: 0x00007ab70c366000: <offset 0x0000000000002000> in /lib/libeval.so at 0x00007ab70c364000
stack at sp + 5 slots: 0x00007ab704083630 points into unknown readable memory: 0x00007ab704083930 | 30 39 08 04 b7 7a 00 00
stack at sp + 6 slots: 0x00007ab70adfe5d0 is pointing into the stack for thread: 0x00007ab704018e20
stack at sp + 7 slots: 0x0 is null


---------------  P R O C E S S  ---------------

Threads class SMR info:
_java_thread_list=0x00007ab70407bd50, length=10, elements={
0x00007ab704018e20, 0x00007ab7040638e0, 0x00007ab704064e10, 0x00007ab704066570,
0x00007ab704067b70, 0x00007ab7040690d0, 0x00007ab70406abd0, 0x00007ab70406c250,
0x00007ab7040780b0, 0x00007ab70407a860
}

Java Threads: ( => current thread )
=>0x00007ab704018e20 JavaThread "main"                              [_thread_in_native, id=140176, stack(0x00007ab70ad00000,0x00007ab70ae00000) (1024K)]
  0x00007ab7040638e0 JavaThread "Reference Handler"          daemon [_thread_blocked, id=140179, stack(0x00007ab70a100000,0x00007ab70a200000) (1024K)]
  0x00007ab704064e10 JavaThread "Finalizer"                  daemon [_thread_blocked, id=140180, stack(0x00007ab70a000000,0x00007ab70a100000) (1024K)]
  0x00007ab704066570 JavaThread "Signal Dispatcher"          daemon [_thread_blocked, id=140181, stack(0x00007ab709f00000,0x00007ab70a000000) (1024K)]
  0x00007ab704067b70 JavaThread "Service Thread"             daemon [_thread_blocked, id=140182, stack(0x00007ab709e00000,0x00007ab709f00000) (1024K)]
  0x00007ab7040690d0 JavaThread "Monitor Deflation Thread"   daemon [_thread_blocked, id=140183, stack(0x00007ab709d00000,0x00007ab709e00000) (1024K)]
  0x00007ab70406abd0 JavaThread "C2 CompilerThread0"         daemon [_thread_blocked, id=140184, stack(0x00007ab709c00000,0x00007ab709d00000) (1024K)]
  0x00007ab70406c250 JavaThread "C1 CompilerThread0"         daemon [_thread_blocked, id=140185, stack(0x00007ab709b00000,0x00007ab709c00000) (1024K)]
  0x00007ab7040780b0 JavaThread "Notification Thread"        daemon [_thread_blocked, id=140186, stack(0x00007ab70992f000,0x00007ab709a2f000) (1024K)]
  0x00007ab70407a860 JavaThread "Common-Cleaner"             daemon [_thread_blocked, id=140187, stack(0x00007ab70982f000,0x00007ab70992f000) (1024K)]
Total: 10

Other Threads:
  0x00007ab704057a80 VMThread "VM Thread"                           [id=140178, stack(0x00007ab70a54d000,0x00007ab70a64d000) (1024K)]
  0x00007ab704046c10 WatcherThread "VM Periodic Task Thread"        [id=140177, stack(0x00007ab70a64e000,0x00007ab70a74e000) (1024K)]
Total: 2

Threads with active compile tasks:
Total: 0

VM state: not at safepoint (normal execution)

VM Mutex/Monitor currently owned by a thread: None

Heap address: 0x00000000f1000000, size: 240 MB, Compressed Oops mode: 32-bit

CDS archive(s) mapped at: [0x00007ab6ab000000-0x00007ab6abc97000-0x00007ab6abc97000), size 13201408, SharedBaseAddress: 0x00007ab6ab000000, ArchiveRelocationMode: 1.
Compressed class space mapped at: 0x00007ab6ac000000-0x00007ab6ec000000, reserved size: 1073741824
Narrow klass base: 0x00007ab6ab000000, Narrow klass shift: 0, Narrow klass range: 0x100000000

GC Precious Log:
 CardTable entry size: 512
 CPUs: 1 total, 1 available
 Memory: 957M
 Large Page Support: Disabled
 NUMA Support: Disabled
 Compressed Oops: Enabled (32-bit)
 Heap Min Capacity: 8M
 Heap Initial Capacity: 16M
 Heap Max Capacity: 240M
 Pre-touch: Disabled

Heap:
 def new generation   total 4928K, used 441K [0x00000000f1000000, 0x00000000f1550000, 0x00000000f6000000)
  eden space 4416K,  10% used [0x00000000f1000000, 0x00000000f106e6d0, 0x00000000f1450000)
  from space 512K,   0% used [0x00000000f1450000, 0x00000000f1450000, 0x00000000f14d0000)
  to   space 512K,   0% used [0x00000000f14d0000, 0x00000000f14d0000, 0x00000000f1550000)
 tenured generation   total 10944K, used 1073K [0x00000000f6000000, 0x00000000f6ab0000, 0x0000000100000000)
   the space 10944K,   9% used [0x00000000f6000000, 0x00000000f610c708, 0x00000000f610c800, 0x00000000f6ab0000)
 Metaspace       used 85K, committed 320K, reserved 1114112K
  class space    used 6K, committed 128K, reserved 1048576K

Card table byte_map: [0x00007ab70c387000,0x00007ab70c400000] _byte_map_base: 0x00007ab70bbff000

Polling page: 0x00007ab70c66f000

Metaspace:

Usage:
  Non-class:     78.70 KB used.
      Class:      6.59 KB used.
       Both:     85.28 KB used.

Virtual space:
  Non-class space:       64.00 MB reserved,     192.00 KB ( <1%) committed,  1 nodes.
      Class space:        1.00 GB reserved,     128.00 KB ( <1%) committed,  1 nodes.
             Both:        1.06 GB reserved,     320.00 KB ( <1%) committed. 

Chunk freelists:
   Non-Class:  11.99 MB
       Class:  15.75 MB
        Both:  27.74 MB

MaxMetaspaceSize: unlimited
CompressedClassSpaceSize: 1.00 GB
Initial GC threshold: 21.00 MB
Current GC threshold: 21.00 MB
CDS: on
 - commit_granule_bytes: 65536.
 - commit_granule_words: 8192.
 - virtual_space_node_default_size: 8388608.
 - enlarge_chunks_in_place: 1.
 - use_allocation_guard: 0.


Internal statistics:

num_allocs_failed_limit: 0.
num_arena_births: 4.
num_arena_deaths: 0.
num_vsnodes_births: 2.
num_vsnodes_deaths: 0.
num_space_committed: 5.
num_space_uncommitted: 0.
num_chunks_returned_to_freelist: 0.
num_chunks_taken_from_freelist: 5.
num_chunk_merges: 0.
num_chunk_splits: 3.
num_chunks_enlarged: 1.
num_inconsistent_stats: 0.

CodeHeap 'non-profiled nmethods': size=120036Kb used=2Kb max_used=2Kb free=120034Kb
 bounds [0x00007ab6f42c7000, 0x00007ab6f4537000, 0x00007ab6fb800000]
CodeHeap 'profiled nmethods': size=120032Kb used=4Kb max_used=4Kb free=120027Kb
 bounds [0x00007ab6ec800000, 0x00007ab6eca70000, 0x00007ab6f3d38000]
CodeHeap 'non-nmethods': size=5692Kb used=1062Kb max_used=1076Kb free=4629Kb
 bounds [0x00007ab6f3d38000, 0x00007ab6f3fa8000, 0x00007ab6f42c7000]
 total_blobs=303 nmethods=6 adapters=206
 compilation: enabled
              stopped_count=0, restarted_count=0
 full_count=0

Compilation events (8 events):
Event: 0.032 Thread 0x00007ab70406c250    2       3       java.lang.Object::<init> (1 bytes)
Event: 0.032 Thread 0x00007ab70406c250 nmethod 2 0x00007ab6ec800010 code [0x00007ab6ec8001a0, 0x00007ab6ec8002a0]
Event: 0.035 Thread 0x00007ab70406c250    3       3       java.lang.String::coder (15 bytes)
Event: 0.035 Thread 0x00007ab70406c250 nmethod 3 0x00007ab6ec800310 code [0x00007ab6ec8004a0, 0x00007ab6ec8005d0]
Event: 0.038 Thread 0x00007ab70406c250    5       3       java.lang.String::length (11 bytes)
Event: 0.038 Thread 0x00007ab70406c250 nmethod 5 0x00007ab6ec800690 code [0x00007ab6ec800840, 0x00007ab6ec8009d8]
Event: 0.038 Thread 0x00007ab70406c250    4       3       java.lang.String::hashCode (60 bytes)
Event: 0.039 Thread 0x00007ab70406c250 nmethod 4 0x00007ab6ec800a90 code [0x00007ab6ec800c60, 0x00007ab6ec800f88]

GC Heap History (0 events):
No events

Dll operation events (3 events):
Event: 0.001 Loaded shared library /usr/lib/jvm/java-21-openjdk-amd64/lib/libjava.so
Event: 0.030 Loaded shared library /usr/lib/jvm/java-21-openjdk-amd64/lib/libjsvml.so
Event: 0.038 Loaded shared library /usr/lib/libevaluador.so

Deoptimization events (0 events):
No events

Classes loaded (8 events):
Event: 0.023 Loading class sun/nio/cs/UTF_8$Encoder
Event: 0.023 Loading class sun/nio/cs/UTF_8$Encoder done
Event: 0.033 Loading class jdk/internal/vm/PostVMInitHook
Event: 0.033 Loading class jdk/internal/vm/PostVMInitHook done
Event: 0.033 Loading class jdk/internal/loader/URLClassPath$FileLoader
Event: 0.034 Loading class jdk/internal/loader/URLClassPath$FileLoader done
Event: 0.034 Loading class jdk/internal/loader/URLClassPath$FileLoader$1
Event: 0.034 Loading class jdk/internal/loader/URLClassPath$FileLoader$1 done

Classes unloaded (0 events):
No events

Classes redefined (0 events):
No events

Internal exceptions (0 events):
No events

ZGC Phase Switch (0 events):
No events

VM Operations (0 events):
No events

Memory protections (10 events):
Event: 0.001 Protecting memory [0x00007ab70ad00000,0x00007ab70ad04000] with protection modes 0
Event: 0.024 Protecting memory [0x00007ab70a100000,0x00007ab70a104000] with protection modes 0
Event: 0.024 Protecting memory [0x00007ab70a000000,0x00007ab70a004000] with protection modes 0
Event: 0.025 Protecting memory [0x00007ab709f00000,0x00007ab709f04000] with protection modes 0
Event: 0.026 Protecting memory [0x00007ab709e00000,0x00007ab709e04000] with protection modes 0
Event: 0.026 Protecting memory [0x00007ab709d00000,0x00007ab709d04000] with protection modes 0
Event: 0.026 Protecting memory [0x00007ab709c00000,0x00007ab709c04000] with protection modes 0
Event: 0.028 Protecting memory [0x00007ab709b00000,0x00007ab709b04000] with protection modes 0
Event: 0.033 Protecting memory [0x00007ab70992f000,0x00007ab709933000] with protection modes 0
Event: 0.035 Protecting memory [0x00007ab70982f000,0x00007ab709833000] with protection modes 0

Nmethod flushes (0 events):
No events

Events (10 events):
Event: 0.014 Thread 0x00007ab704018e20 Thread added: 0x00007ab704018e20
Event: 0.024 Thread 0x00007ab704018e20 Thread added: 0x00007ab7040638e0
Event: 0.024 Thread 0x00007ab704018e20 Thread added: 0x00007ab704064e10
Event: 0.025 Thread 0x00007ab704018e20 Thread added: 0x00007ab704066570
Event: 0.026 Thread 0x00007ab704018e20 Thread added: 0x00007ab704067b70
Event: 0.026 Thread 0x00007ab704018e20 Thread added: 0x00007ab7040690d0
Event: 0.026 Thread 0x00007ab704018e20 Thread added: 0x00007ab70406abd0
Event: 0.027 Thread 0x00007ab704018e20 Thread added: 0x00007ab70406c250
Event: 0.032 Thread 0x00007ab704018e20 Thread added: 0x00007ab7040780b0
Event: 0.035 Thread 0x00007ab704018e20 Thread added: 0x00007ab70407a860


Dynamic libraries:
f1000000-f1550000 rw-p 00000000 00:00 0 
f1550000-f6000000 ---p 00000000 00:00 0 
f6000000-f6ab0000 rw-p 00000000 00:00 0 
f6ab0000-100000000 ---p 00000000 00:00 0 
61343ada9000-61343adaa000 r--p 00000000 ca:01 273703                     /usr/lib/jvm/java-21-openjdk-amd64/bin/java
61343adaa000-61343adab000 r-xp 00001000 ca:01 273703                     /usr/lib/jvm/java-21-openjdk-amd64/bin/java
61343adab000-61343adac000 r--p 00002000 ca:01 273703                     /usr/lib/jvm/java-21-openjdk-amd64/bin/java
61343adac000-61343adad000 r--p 00002000 ca:01 273703                     /usr/lib/jvm/java-21-openjdk-amd64/bin/java
61343adad000-61343adae000 rw-p 00003000 ca:01 273703                     /usr/lib/jvm/java-21-openjdk-amd64/bin/java
61346b87b000-61346b8e3000 rw-p 00000000 00:00 0                          [heap]
7ab67c000000-7ab67c034000 rw-p 00000000 00:00 0 
7ab67c034000-7ab680000000 ---p 00000000 00:00 0 
7ab680000000-7ab680021000 rw-p 00000000 00:00 0 
7ab680021000-7ab684000000 ---p 00000000 00:00 0 
7ab688000000-7ab688021000 rw-p 00000000 00:00 0 
7ab688021000-7ab68c000000 ---p 00000000 00:00 0 
7ab68c000000-7ab68c021000 rw-p 00000000 00:00 0 
7ab68c021000-7ab690000000 ---p 00000000 00:00 0 
7ab694000000-7ab694021000 rw-p 00000000 00:00 0 
7ab694021000-7ab698000000 ---p 00000000 00:00 0 
7ab698000000-7ab698021000 rw-p 00000000 00:00 0 
7ab698021000-7ab69c000000 ---p 00000000 00:00 0 
7ab6a0000000-7ab6a0020000 rw-p 00000000 00:00 0 
7ab6a0020000-7ab6a0400000 ---p 00000000 00:00 0 
7ab6a0400000-7ab6a0410000 rw-p 00000000 00:00 0 
7ab6a0410000-7ab6a4000000 ---p 00000000 00:00 0 
7ab6a4000000-7ab6a4021000 rw-p 00000000 00:00 0 
7ab6a4021000-7ab6a8000000 ---p 00000000 00:00 0 
7ab6ab000000-7ab6abc97000 rw-p 00001000 ca:01 273856                     /usr/lib/jvm/java-21-openjdk-amd64/lib/server/classes.jsa
7ab6abc97000-7ab6ac000000 ---p 00000000 00:00 0 
7ab6ac000000-7ab6ac010000 rw-p 00000000 00:00 0 
7ab6ac010000-7ab6ac040000 ---p 00000000 00:00 0 
7ab6ac040000-7ab6ac050000 rw-p 00000000 00:00 0 
7ab6ac050000-7ab6ec000000 ---p 00000000 00:00 0 
7ab6ec800000-7ab6eca70000 rwxp 00000000 00:00 0 
7ab6eca70000-7ab6f3d38000 ---p 00000000 00:00 0 
7ab6f3d38000-7ab6f3fa8000 rwxp 00000000 00:00 0 
7ab6f3fa8000-7ab6f42c7000 ---p 00000000 00:00 0 
7ab6f42c7000-7ab6f4537000 rwxp 00000000 00:00 0 
7ab6f4537000-7ab6fb800000 ---p 00000000 00:00 0 
7ab6fb800000-7ab703e10000 r--s 00000000 ca:01 273853                     /usr/lib/jvm/java-21-openjdk-amd64/lib/modules
7ab704000000-7ab7040b1000 rw-p 00000000 00:00 0 
7ab7040b1000-7ab708000000 ---p 00000000 00:00 0 
7ab709200000-7ab7094e2000 rw-p 00000000 00:00 0 
7ab7096ad000-7ab70982f000 rw-p 00000000 00:00 0 
7ab70982f000-7ab709833000 ---p 00000000 00:00 0 
7ab709833000-7ab70992f000 rw-p 00000000 00:00 0 
7ab70992f000-7ab709933000 ---p 00000000 00:00 0 
7ab709933000-7ab709a2f000 rw-p 00000000 00:00 0 
7ab709a2f000-7ab709a34000 r--p 00000000 ca:01 273837                     /usr/lib/jvm/java-21-openjdk-amd64/lib/libjsvml.so
7ab709a34000-7ab709a75000 r-xp 00005000 ca:01 273837                     /usr/lib/jvm/java-21-openjdk-amd64/lib/libjsvml.so
7ab709a75000-7ab709afe000 r--p 00046000 ca:01 273837                     /usr/lib/jvm/java-21-openjdk-amd64/lib/libjsvml.so
7ab709afe000-7ab709aff000 r--p 000ce000 ca:01 273837                     /usr/lib/jvm/java-21-openjdk-amd64/lib/libjsvml.so
7ab709aff000-7ab709b00000 rw-p 000cf000 ca:01 273837                     /usr/lib/jvm/java-21-openjdk-amd64/lib/libjsvml.so
7ab709b00000-7ab709b04000 ---p 00000000 00:00 0 
7ab709b04000-7ab709c00000 rw-p 00000000 00:00 0 
7ab709c00000-7ab709c04000 ---p 00000000 00:00 0 
7ab709c04000-7ab709d00000 rw-p 00000000 00:00 0 
7ab709d00000-7ab709d04000 ---p 00000000 00:00 0 
7ab709d04000-7ab709e00000 rw-p 00000000 00:00 0 
7ab709e00000-7ab709e04000 ---p 00000000 00:00 0 
7ab709e04000-7ab709f00000 rw-p 00000000 00:00 0 
7ab709f00000-7ab709f04000 ---p 00000000 00:00 0 
7ab709f04000-7ab70a000000 rw-p 00000000 00:00 0 
7ab70a000000-7ab70a004000 ---p 00000000 00:00 0 
7ab70a004000-7ab70a100000 rw-p 00000000 00:00 0 
7ab70a100000-7ab70a104000 ---p 00000000 00:00 0 
7ab70a104000-7ab70a200000 rw-p 00000000 00:00 0 
7ab70a200000-7ab70a4e9000 r--p 00000000 ca:01 2573                       /usr/lib/locale/locale-archive
7ab70a4f5000-7ab70a54c000 r--p 00000000 ca:01 74377                      /usr/lib/locale/C.utf8/LC_CTYPE
7ab70a54c000-7ab70a54d000 ---p 00000000 00:00 0 
7ab70a54d000-7ab70a64d000 rw-p 00000000 00:00 0 
7ab70a64d000-7ab70a64e000 ---p 00000000 00:00 0 
7ab70a64e000-7ab70a74e000 rw-p 00000000 00:00 0 
7ab70a74e000-7ab70a82f000 rw-p 00000000 00:00 0 
7ab70a82f000-7ab70a915000 ---p 00000000 00:00 0 
7ab70a915000-7ab70a91a000 rw-p 00000000 00:00 0 
7ab70a91a000-7ab70aa00000 ---p 00000000 00:00 0 
7ab70aa00000-7ab70aa9a000 r--p 00000000 ca:01 5020                       /usr/lib/x86_64-linux-gnu/libstdc++.so.6.0.30
7ab70aa9a000-7ab70abab000 r-xp 0009a000 ca:01 5020                       /usr/lib/x86_64-linux-gnu/libstdc++.so.6.0.30
7ab70abab000-7ab70ac1a000 r--p 001ab000 ca:01 5020                       /usr/lib/x86_64-linux-gnu/libstdc++.so.6.0.30
7ab70ac1a000-7ab70ac1b000 ---p 0021a000 ca:01 5020                       /usr/lib/x86_64-linux-gnu/libstdc++.so.6.0.30
7ab70ac1b000-7ab70ac26000 r--p 0021a000 ca:01 5020                       /usr/lib/x86_64-linux-gnu/libstdc++.so.6.0.30
7ab70ac26000-7ab70ac29000 rw-p 00225000 ca:01 5020                       /usr/lib/x86_64-linux-gnu/libstdc++.so.6.0.30
7ab70ac29000-7ab70ac2c000 rw-p 00000000 00:00 0 
7ab70ac6e000-7ab70acb5000 rw-p 00000000 00:00 0 
7ab70acb5000-7ab70ad00000 ---p 00000000 00:00 0 
7ab70ad00000-7ab70ad04000 ---p 00000000 00:00 0 
7ab70ad04000-7ab70ae00000 rw-p 00000000 00:00 0 
7ab70ae00000-7ab70b0a1000 r--p 00000000 ca:01 273859                     /usr/lib/jvm/java-21-openjdk-amd64/lib/server/libjvm.so
7ab70b0a1000-7ab70bf13000 r-xp 002a1000 ca:01 273859                     /usr/lib/jvm/java-21-openjdk-amd64/lib/server/libjvm.so
7ab70bf13000-7ab70c1eb000 r--p 01113000 ca:01 273859                     /usr/lib/jvm/java-21-openjdk-amd64/lib/server/libjvm.so
7ab70c1eb000-7ab70c1ec000 ---p 013eb000 ca:01 273859                     /usr/lib/jvm/java-21-openjdk-amd64/lib/server/libjvm.so
7ab70c1ec000-7ab70c2bf000 r--p 013eb000 ca:01 273859                     /usr/lib/jvm/java-21-openjdk-amd64/lib/server/libjvm.so
7ab70c2bf000-7ab70c2ef000 rw-p 014be000 ca:01 273859                     /usr/lib/jvm/java-21-openjdk-amd64/lib/server/libjvm.so
7ab70c2ef000-7ab70c355000 rw-p 00000000 00:00 0 
7ab70c35f000-7ab70c360000 r--p 00000000 ca:01 2370                       /usr/lib/libstr.so
7ab70c360000-7ab70c361000 r-xp 00001000 ca:01 2370                       /usr/lib/libstr.so
7ab70c361000-7ab70c362000 r--p 00002000 ca:01 2370                       /usr/lib/libstr.so
7ab70c362000-7ab70c363000 r--p 00002000 ca:01 2370                       /usr/lib/libstr.so
7ab70c363000-7ab70c364000 rw-p 00003000 ca:01 2370                       /usr/lib/libstr.so
7ab70c364000-7ab70c365000 r--p 00000000 ca:01 38736                      /usr/lib/libeval.so
7ab70c365000-7ab70c366000 r-xp 00001000 ca:01 38736                      /usr/lib/libeval.so
7ab70c366000-7ab70c367000 r--p 00002000 ca:01 38736                      /usr/lib/libeval.so
7ab70c367000-7ab70c368000 r--p 00002000 ca:01 38736                      /usr/lib/libeval.so
7ab70c368000-7ab70c369000 rw-p 00003000 ca:01 38736                      /usr/lib/libeval.so
7ab70c369000-7ab70c36b000 r--p 00000000 ca:01 18550                      /usr/local/lib/libcjson.so.1.7.18
7ab70c36b000-7ab70c371000 r-xp 00002000 ca:01 18550                      /usr/local/lib/libcjson.so.1.7.18
7ab70c371000-7ab70c373000 r--p 00008000 ca:01 18550                      /usr/local/lib/libcjson.so.1.7.18
7ab70c373000-7ab70c374000 r--p 00009000 ca:01 18550                      /usr/local/lib/libcjson.so.1.7.18
7ab70c374000-7ab70c375000 rw-p 0000a000 ca:01 18550                      /usr/local/lib/libcjson.so.1.7.18
7ab70c37f000-7ab70c380000 r--p 00000000 ca:01 38437                      /usr/lib/libevaluador.so
7ab70c380000-7ab70c381000 r-xp 00001000 ca:01 38437                      /usr/lib/libevaluador.so
7ab70c381000-7ab70c382000 r--p 00002000 ca:01 38437                      /usr/lib/libevaluador.so
7ab70c382000-7ab70c383000 r--p 00002000 ca:01 38437                      /usr/lib/libevaluador.so
7ab70c383000-7ab70c384000 rw-p 00003000 ca:01 38437                      /usr/lib/libevaluador.so
7ab70c384000-7ab70c385000 r--p 00000000 ca:01 74383                      /usr/lib/locale/C.utf8/LC_NUMERIC
7ab70c385000-7ab70c386000 r--p 00000000 ca:01 74386                      /usr/lib/locale/C.utf8/LC_TIME
7ab70c386000-7ab70c387000 r--p 00000000 ca:01 74376                      /usr/lib/locale/C.utf8/LC_COLLATE
7ab70c387000-7ab70c38a000 rw-p 00000000 00:00 0 
7ab70c38a000-7ab70c3af000 ---p 00000000 00:00 0 
7ab70c3af000-7ab70c3b5000 rw-p 00000000 00:00 0 
7ab70c3b5000-7ab70c400000 ---p 00000000 00:00 0 
7ab70c400000-7ab70c428000 r--p 00000000 ca:01 22841                      /usr/lib/x86_64-linux-gnu/libc.so.6
7ab70c428000-7ab70c5bd000 r-xp 00028000 ca:01 22841                      /usr/lib/x86_64-linux-gnu/libc.so.6
7ab70c5bd000-7ab70c615000 r--p 001bd000 ca:01 22841                      /usr/lib/x86_64-linux-gnu/libc.so.6
7ab70c615000-7ab70c616000 ---p 00215000 ca:01 22841                      /usr/lib/x86_64-linux-gnu/libc.so.6
7ab70c616000-7ab70c61a000 r--p 00215000 ca:01 22841                      /usr/lib/x86_64-linux-gnu/libc.so.6
7ab70c61a000-7ab70c61c000 rw-p 00219000 ca:01 22841                      /usr/lib/x86_64-linux-gnu/libc.so.6
7ab70c61c000-7ab70c629000 rw-p 00000000 00:00 0 
7ab70c629000-7ab70c62a000 r--p 00000000 ca:01 74381                      /usr/lib/locale/C.utf8/LC_MONETARY
7ab70c62a000-7ab70c62b000 r--p 00000000 ca:01 74380                      /usr/lib/locale/C.utf8/LC_MESSAGES/SYS_LC_MESSAGES
7ab70c62b000-7ab70c62c000 r--p 00000000 ca:01 74384                      /usr/lib/locale/C.utf8/LC_PAPER
7ab70c62c000-7ab70c62d000 r--p 00000000 ca:01 74382                      /usr/lib/locale/C.utf8/LC_NAME
7ab70c62d000-7ab70c62e000 r--p 00000000 ca:01 74375                      /usr/lib/locale/C.utf8/LC_ADDRESS
7ab70c62e000-7ab70c62f000 r--p 00000000 ca:01 74385                      /usr/lib/locale/C.utf8/LC_TELEPHONE
7ab70c62f000-7ab70c630000 r--p 00000000 ca:01 74379                      /usr/lib/locale/C.utf8/LC_MEASUREMENT
7ab70c630000-7ab70c637000 r--s 00000000 ca:01 74706                      /usr/lib/x86_64-linux-gnu/gconv/gconv-modules.cache
7ab70c637000-7ab70c63c000 rw-p 00000000 00:00 0 
7ab70c63c000-7ab70c643000 ---p 00000000 00:00 0 
7ab70c643000-7ab70c650000 r--p 00000000 ca:01 273830                     /usr/lib/jvm/java-21-openjdk-amd64/lib/libjava.so
7ab70c650000-7ab70c65e000 r-xp 0000d000 ca:01 273830                     /usr/lib/jvm/java-21-openjdk-amd64/lib/libjava.so
7ab70c65e000-7ab70c663000 r--p 0001b000 ca:01 273830                     /usr/lib/jvm/java-21-openjdk-amd64/lib/libjava.so
7ab70c663000-7ab70c664000 ---p 00020000 ca:01 273830                     /usr/lib/jvm/java-21-openjdk-amd64/lib/libjava.so
7ab70c664000-7ab70c665000 r--p 00020000 ca:01 273830                     /usr/lib/jvm/java-21-openjdk-amd64/lib/libjava.so
7ab70c665000-7ab70c666000 rw-p 00021000 ca:01 273830                     /usr/lib/jvm/java-21-openjdk-amd64/lib/libjava.so
7ab70c666000-7ab70c667000 rw-p 00000000 00:00 0 
7ab70c667000-7ab70c66f000 rw-s 00000000 ca:01 2341                       /tmp/hsperfdata_ubuntu/140175
7ab70c66f000-7ab70c670000 ---p 00000000 00:00 0 
7ab70c670000-7ab70c671000 r--p 00000000 00:00 0 
7ab70c671000-7ab70c674000 r--p 00000000 ca:01 5021                       /usr/lib/x86_64-linux-gnu/libgcc_s.so.1
7ab70c674000-7ab70c68b000 r-xp 00003000 ca:01 5021                       /usr/lib/x86_64-linux-gnu/libgcc_s.so.1
7ab70c68b000-7ab70c68f000 r--p 0001a000 ca:01 5021                       /usr/lib/x86_64-linux-gnu/libgcc_s.so.1
7ab70c68f000-7ab70c690000 r--p 0001d000 ca:01 5021                       /usr/lib/x86_64-linux-gnu/libgcc_s.so.1
7ab70c690000-7ab70c691000 rw-p 0001e000 ca:01 5021                       /usr/lib/x86_64-linux-gnu/libgcc_s.so.1
7ab70c691000-7ab70c69f000 r--p 00000000 ca:01 69758                      /usr/lib/x86_64-linux-gnu/libm.so.6
7ab70c69f000-7ab70c71b000 r-xp 0000e000 ca:01 69758                      /usr/lib/x86_64-linux-gnu/libm.so.6
7ab70c71b000-7ab70c776000 r--p 0008a000 ca:01 69758                      /usr/lib/x86_64-linux-gnu/libm.so.6
7ab70c776000-7ab70c777000 r--p 000e4000 ca:01 69758                      /usr/lib/x86_64-linux-gnu/libm.so.6
7ab70c777000-7ab70c778000 rw-p 000e5000 ca:01 69758                      /usr/lib/x86_64-linux-gnu/libm.so.6
7ab70c778000-7ab70c77b000 rw-p 00000000 00:00 0 
7ab70c77b000-7ab70c77d000 r--p 00000000 ca:01 273834                     /usr/lib/jvm/java-21-openjdk-amd64/lib/libjli.so
7ab70c77d000-7ab70c787000 r-xp 00002000 ca:01 273834                     /usr/lib/jvm/java-21-openjdk-amd64/lib/libjli.so
7ab70c787000-7ab70c78a000 r--p 0000c000 ca:01 273834                     /usr/lib/jvm/java-21-openjdk-amd64/lib/libjli.so
7ab70c78a000-7ab70c78b000 ---p 0000f000 ca:01 273834                     /usr/lib/jvm/java-21-openjdk-amd64/lib/libjli.so
7ab70c78b000-7ab70c78c000 r--p 0000f000 ca:01 273834                     /usr/lib/jvm/java-21-openjdk-amd64/lib/libjli.so
7ab70c78c000-7ab70c78d000 rw-p 00010000 ca:01 273834                     /usr/lib/jvm/java-21-openjdk-amd64/lib/libjli.so
7ab70c78d000-7ab70c78f000 r--p 00000000 ca:01 3908                       /usr/lib/x86_64-linux-gnu/libz.so.1.2.11
7ab70c78f000-7ab70c7a0000 r-xp 00002000 ca:01 3908                       /usr/lib/x86_64-linux-gnu/libz.so.1.2.11
7ab70c7a0000-7ab70c7a6000 r--p 00013000 ca:01 3908                       /usr/lib/x86_64-linux-gnu/libz.so.1.2.11
7ab70c7a6000-7ab70c7a7000 ---p 00019000 ca:01 3908                       /usr/lib/x86_64-linux-gnu/libz.so.1.2.11
7ab70c7a7000-7ab70c7a8000 r--p 00019000 ca:01 3908                       /usr/lib/x86_64-linux-gnu/libz.so.1.2.11
7ab70c7a8000-7ab70c7a9000 rw-p 0001a000 ca:01 3908                       /usr/lib/x86_64-linux-gnu/libz.so.1.2.11
7ab70c7a9000-7ab70c7aa000 r--p 00000000 ca:01 74378                      /usr/lib/locale/C.utf8/LC_IDENTIFICATION
7ab70c7aa000-7ab70c7ac000 r--p 00000000 ca:01 273833                     /usr/lib/jvm/java-21-openjdk-amd64/lib/libjimage.so
7ab70c7ac000-7ab70c7af000 r-xp 00002000 ca:01 273833                     /usr/lib/jvm/java-21-openjdk-amd64/lib/libjimage.so
7ab70c7af000-7ab70c7b0000 r--p 00005000 ca:01 273833                     /usr/lib/jvm/java-21-openjdk-amd64/lib/libjimage.so
7ab70c7b0000-7ab70c7b1000 ---p 00006000 ca:01 273833                     /usr/lib/jvm/java-21-openjdk-amd64/lib/libjimage.so
7ab70c7b1000-7ab70c7b2000 r--p 00006000 ca:01 273833                     /usr/lib/jvm/java-21-openjdk-amd64/lib/libjimage.so
7ab70c7b2000-7ab70c7b3000 rw-p 00007000 ca:01 273833                     /usr/lib/jvm/java-21-openjdk-amd64/lib/libjimage.so
7ab70c7b3000-7ab70c7b5000 rw-p 00000000 00:00 0 
7ab70c7b5000-7ab70c7b7000 r--p 00000000 ca:01 17299                      /usr/lib/x86_64-linux-gnu/ld-linux-x86-64.so.2
7ab70c7b7000-7ab70c7e1000 r-xp 00002000 ca:01 17299                      /usr/lib/x86_64-linux-gnu/ld-linux-x86-64.so.2
7ab70c7e1000-7ab70c7ec000 r--p 0002c000 ca:01 17299                      /usr/lib/x86_64-linux-gnu/ld-linux-x86-64.so.2
7ab70c7ec000-7ab70c7ed000 ---p 00000000 00:00 0 
7ab70c7ed000-7ab70c7ef000 r--p 00037000 ca:01 17299                      /usr/lib/x86_64-linux-gnu/ld-linux-x86-64.so.2
7ab70c7ef000-7ab70c7f1000 rw-p 00039000 ca:01 17299                      /usr/lib/x86_64-linux-gnu/ld-linux-x86-64.so.2
7ffe0fab4000-7ffe0fad5000 rw-p 00000000 00:00 0                          [stack]
7ffe0fba1000-7ffe0fba5000 r--p 00000000 00:00 0                          [vvar]
7ffe0fba5000-7ffe0fba7000 r-xp 00000000 00:00 0                          [vdso]
ffffffffff600000-ffffffffff601000 --xp 00000000 00:00 0                  [vsyscall]
Total number of mappings: 191


VM Arguments:
java_command: aplicacion.Aplicacion
java_class_path (initial): .
Launcher Type: SUN_STANDARD

[Global flags]
     intx CICompilerCount                          = 2                                         {product} {ergonomic}
   size_t InitialHeapSize                          = 16777216                                  {product} {ergonomic}
   size_t MaxHeapSize                              = 251658240                                 {product} {ergonomic}
   size_t MaxNewSize                               = 83886080                                  {product} {ergonomic}
   size_t MinHeapDeltaBytes                        = 196608                                    {product} {ergonomic}
   size_t MinHeapSize                              = 8388608                                   {product} {ergonomic}
   size_t NewSize                                  = 5570560                                   {product} {ergonomic}
    uintx NonNMethodCodeHeapSize                   = 5826188                                {pd product} {ergonomic}
    uintx NonProfiledCodeHeapSize                  = 122916026                              {pd product} {ergonomic}
   size_t OldSize                                  = 11206656                                  {product} {ergonomic}
    uintx ProfiledCodeHeapSize                     = 122916026                              {pd product} {ergonomic}
    uintx ReservedCodeCacheSize                    = 251658240                              {pd product} {ergonomic}
     bool SegmentedCodeCache                       = true                                      {product} {ergonomic}
   size_t SoftMaxHeapSize                          = 251658240                              {manageable} {ergonomic}
     bool UseCompressedOops                        = true                           {product lp64_product} {ergonomic}
     bool UseSerialGC                              = true                                      {product} {ergonomic}

Logging:
Log output configuration:
 #0: stdout all=warning uptime,level,tags foldmultilines=false
 #1: stderr all=off uptime,level,tags foldmultilines=false

Environment Variables:
PATH=/usr/local/sbin:/usr/local/bin:/usr/sbin:/usr/bin:/sbin:/bin:/usr/games:/usr/local/games:/snap/bin
SHELL=/bin/bash
LANG=C.UTF-8
TERM=xterm-256color

Active Locale:
LC_ALL=C.UTF-8
LC_COLLATE=C.UTF-8
LC_CTYPE=C.UTF-8
LC_MESSAGES=C.UTF-8
LC_MONETARY=C.UTF-8
LC_NUMERIC=C.UTF-8
LC_TIME=C.UTF-8

Signal Handlers:
   SIGSEGV: crash_handler in libjvm.so, mask=11100100010111111101111111111110, flags=SA_RESTART|SA_SIGINFO, unblocked
    SIGBUS: crash_handler in libjvm.so, mask=11100100010111111101111111111110, flags=SA_RESTART|SA_SIGINFO, unblocked
    SIGFPE: crash_handler in libjvm.so, mask=11100100010111111101111111111110, flags=SA_RESTART|SA_SIGINFO, unblocked
   SIGPIPE: javaSignalHandler in libjvm.so, mask=11100100010111111101111111111110, flags=SA_RESTART|SA_SIGINFO, blocked
   SIGXFSZ: javaSignalHandler in libjvm.so, mask=11100100010111111101111111111110, flags=SA_RESTART|SA_SIGINFO, blocked
    SIGILL: crash_handler in libjvm.so, mask=11100100010111111101111111111110, flags=SA_RESTART|SA_SIGINFO, unblocked
   SIGUSR2: SR_handler in libjvm.so, mask=00000000000000000000000000000000, flags=SA_RESTART|SA_SIGINFO, blocked
    SIGHUP: UserHandler in libjvm.so, mask=11100100010111111101111111111110, flags=SA_RESTART|SA_SIGINFO, blocked
    SIGINT: UserHandler in libjvm.so, mask=11100100010111111101111111111110, flags=SA_RESTART|SA_SIGINFO, blocked
   SIGTERM: UserHandler in libjvm.so, mask=11100100010111111101111111111110, flags=SA_RESTART|SA_SIGINFO, blocked
   SIGQUIT: UserHandler in libjvm.so, mask=11100100010111111101111111111110, flags=SA_RESTART|SA_SIGINFO, blocked
   SIGTRAP: crash_handler in libjvm.so, mask=11100100010111111101111111111110, flags=SA_RESTART|SA_SIGINFO, unblocked


Periodic native trim disabled

---------------  S Y S T E M  ---------------

OS:
DISTRIB_ID=Ubuntu
DISTRIB_RELEASE=22.04
DISTRIB_CODENAME=jammy
DISTRIB_DESCRIPTION="Ubuntu 22.04.5 LTS"
uname: Linux 6.8.0-1024-aws #26~22.04.1-Ubuntu SMP Wed Feb 19 06:54:57 UTC 2025 x86_64
OS uptime: 18 days 21:55 hours
libc: glibc 2.35 NPTL 2.35 
rlimit (soft/hard): STACK 8192k/infinity , CORE 0k/infinity , NPROC 3763/3763 , NOFILE 1048576/1048576 , AS infinity/infinity , CPU infinity/infinity , DATA infinity/infinity , FSIZE infinity/infinity , MEMLOCK 122548k/122548k
load average: 0.00 0.00 0.00

/proc/meminfo:
MemTotal:         980388 kB
MemFree:          113988 kB
MemAvailable:     497520 kB
Buffers:           19400 kB
Cached:           483000 kB
SwapCached:            0 kB
Active:           317732 kB
Inactive:         301336 kB
Active(anon):      86132 kB
Inactive(anon):    61380 kB
Active(file):     231600 kB
Inactive(file):   239956 kB
Unevictable:       36996 kB
Mlocked:           27620 kB
SwapTotal:             0 kB
SwapFree:              0 kB
Zswap:                 0 kB
Zswapped:              0 kB
Dirty:                80 kB
Writeback:             0 kB
AnonPages:        153688 kB
Mapped:            88768 kB
Shmem:             12404 kB
KReclaimable:      79376 kB
Slab:             140784 kB
SReclaimable:      79376 kB
SUnreclaim:        61408 kB
KernelStack:        2836 kB
PageTables:         5120 kB
SecPageTables:         0 kB
NFS_Unstable:          0 kB
Bounce:                0 kB
WritebackTmp:          0 kB
CommitLimit:      490192 kB
Committed_AS:     943860 kB
VmallocTotal:   34359738367 kB
VmallocUsed:       10728 kB
VmallocChunk:          0 kB
Percpu:             9664 kB
HardwareCorrupted:     0 kB
AnonHugePages:         0 kB
ShmemHugePages:        0 kB
ShmemPmdMapped:        0 kB
FileHugePages:         0 kB
FilePmdMapped:         0 kB
Unaccepted:            0 kB
HugePages_Total:       0
HugePages_Free:        0
HugePages_Rsvd:        0
HugePages_Surp:        0
Hugepagesize:       2048 kB
Hugetlb:               0 kB
DirectMap4k:       61440 kB
DirectMap2M:      987136 kB

/sys/kernel/mm/transparent_hugepage/enabled: always [madvise] never
/sys/kernel/mm/transparent_hugepage/hpage_pmd_size: 2097152
/sys/kernel/mm/transparent_hugepage/defrag (defrag/compaction efforts parameter): always defer defer+madvise [madvise] never

Process Memory:
Virtual Size: 2337184K (peak: 2337184K)
Resident Set Size: 42024K (peak: 42024K) (anon: 21120K, file: 20904K, shmem: 0K)
Swapped out: 0K
C-Heap outstanding allocations: 6987K, retained: 792K
glibc malloc tunables: (default)

/proc/sys/kernel/threads-max (system-wide limit on the number of threads): 7527
/proc/sys/vm/max_map_count (maximum number of memory map areas a process may have): 65530
/proc/sys/vm/swappiness (control to define how aggressively the kernel swaps out anonymous memory): 60
/proc/sys/kernel/pid_max (system-wide limit on number of process identifiers): 4194304

container (cgroup) information:
container_type: cgroupv2
cpu_cpuset_cpus: not supported
cpu_memory_nodes: not supported
active_processor_count: 1
cpu_quota: not supported
cpu_period: not supported
cpu_shares: not supported
memory_limit_in_bytes: unlimited
memory_and_swap_limit_in_bytes: unlimited
memory_soft_limit_in_bytes: unlimited
memory_usage_in_bytes: 255092 k
memory_max_usage_in_bytes: not supported
memory_swap_current_in_bytes: unlimited
memory_swap_max_limit_in_bytes: unlimited
maximum number of tasks: unlimited
current number of tasks: 16

Xen hardware-assisted virtualization detected
Steal ticks since vm start: 2
Steal ticks percentage since vm start:  0.014

CPU: total 1 (initial active 1) (1 cores per cpu, 1 threads per core) family 6 model 79 stepping 1 microcode 0xd0003f6, cx8, cmov, fxsr, mmx, sse, sse2, sse3, ssse3, sse4.1, sse4.2, popcnt, lzcnt, tsc, avx, avx2, aes, erms, clmul, bmi1, bmi2, fma, vzeroupper, clflush, hv, rdtscp, f16c
CPU Model and flags from /proc/cpuinfo:
model name	: Intel(R) Xeon(R) CPU E5-2686 v4 @ 2.30GHz
flags		: fpu vme de pse tsc msr pae mce cx8 apic sep mtrr pge mca cmov pat pse36 clflush mmx fxsr sse sse2 ht syscall nx rdtscp lm constant_tsc rep_good nopl xtopology cpuid tsc_known_freq pni pclmulqdq ssse3 fma cx16 pcid sse4_1 sse4_2 x2apic movbe popcnt tsc_deadline_timer aes xsave avx f16c rdrand hypervisor lahf_lm abm pti fsgsbase bmi1 avx2 smep bmi2 erms invpcid xsaveopt

Online cpus: 0
Offline cpus: 1-14
BIOS frequency limitation: <Not Available>
Frequency switch latency (ns): <Not Available>
Available cpu frequencies: <Not Available>
Current governor: <Not Available>
Core performance/turbo boost: <Not Available>

Memory: 4k page, physical 980388k(497520k free), swap 0k(0k free)
Page Sizes: 4k

vm_info: OpenJDK 64-Bit Server VM (21.0.6+7-Ubuntu-122.04.1) for linux-amd64 JRE (21.0.6+7-Ubuntu-122.04.1), built on 2025-01-23T22:52:17Z by "buildd" with gcc 12.3.0

END.
