#
# A fatal error has been detected by the Java Runtime Environment:
#
#  SIGSEGV (0xb) at pc=0x000071244f7a0848, pid=139893, tid=139894
#
# JRE version: OpenJDK Runtime Environment (21.0.6+7) (build 21.0.6+7-Ubuntu-122.04.1)
# Java VM: OpenJDK 64-Bit Server VM (21.0.6+7-Ubuntu-122.04.1, mixed mode, sharing, tiered, compressed oops, compressed class ptrs, serial gc, linux-amd64)
# Problematic frame:
# C  [libc.so.6+0x1a0848]
#
# Core dump will be written. Default location: Core dumps may be processed with "/usr/share/apport/apport -p%p -s%s -c%c -d%d -P%P -u%u -g%g -- %E" (or dumping to /home/ubuntu/libreria-web/core.139893)
#
# If you would like to submit a bug report, please visit:
#   https://bugs.launchpad.net/ubuntu/+source/openjdk-21
# The crash happened outside the Java Virtual Machine in native code.
# See problematic frame for where to report the bug.
#

---------------  S U M M A R Y ------------

Command Line: aplicacion.Aplicacion

Host: Intel(R) Xeon(R) CPU E5-2686 v4 @ 2.30GHz, 1 cores, 957M, Ubuntu 22.04.5 LTS
Time: Sun May  4 01:07:43 2025 UTC elapsed time: 2.725679 seconds (0d 0h 0m 2s)

---------------  T H R E A D  ---------------

Current thread (0x0000712448018e20):  JavaThread "main"             [_thread_in_native, id=139894, stack(0x000071244df00000,0x000071244e000000) (1024K)]

Stack: [0x000071244df00000,0x000071244e000000],  sp=0x000071244dffe518,  free space=1017k
Native frames: (J=compiled Java code, j=interpreted, Vv=VM code, C=native code)
C  [libc.so.6+0x1a0848]
Java frames: (J=compiled Java code, j=interpreted, Vv=VM code)
j  libevaluador.Evaluador.evaluar(Ljava/lang/String;[[Ljava/lang/String;[[Ljava/lang/String;ILjava/lang/String;)Ljava/lang/String;+0
j  aplicacion.Aplicacion.<init>()V+1334
j  aplicacion.Aplicacion.main([Ljava/lang/String;)V+4
v  ~StubRoutines::call_stub 0x0000712437d38cc6

siginfo: si_signo: 11 (SIGSEGV), si_code: 1 (SEGV_MAPERR), si_addr: 0x00000000000ed7b1

Registers:
RAX=0x00000000000ed7b1, RBX=0x0000712448000c30, RCX=0x0a68676665646362, RDX=0x0000000000000009
RSP=0x000071244dffe518, RBP=0x000071244dffe5a8, RSI=0x6867666564636261, RDI=0x00000000000ed7b1
R8 =0x0000712448084c10, R9 =0x0000712448084c10, R10=0x0000712448000690, R11=0x0000000000000246
R12=0x0000000000000009, R13=0x0000712448084c18, R14=0x0000000000000009, R15=0x0000000000000000
RIP=0x000071244f7a0848, EFLAGS=0x0000000000010202, CSGSFS=0x002b000000000033, ERR=0x0000000000000006
  TRAPNO=0x000000000000000e

XMM[0]=0x0a0a0a0a0a0a0a0a 0x0a0a0a0a0a0a0a0a
XMM[1]=0x00000000000000ff 0x0000000000000000
XMM[2]=0x0000000000000000 0x0000712448000690
XMM[3]=0x000071244f81c7a0 0x000071244dffe240
XMM[4]=0x0000712448018e20 0x000071244f81c840
XMM[5]=0x0000000000000000 0x0000712448000090
XMM[6]=0x00007123e44017c8 0x000071244f6ea443
XMM[7]=0x000000000002229e 0x816c865077035e00
XMM[8]=0x656378652074696d 0x696c20656d695400
XMM[9]=0x0000000000000000 0x0000000000000000
XMM[10]=0x0000000000000000 0x0000000000000000
XMM[11]=0x0000000000000000 0x000071244f124a00
XMM[12]=0x0000000000000000 0x0000000000000000
XMM[13]=0x0000000000000000 0x0000000000000000
XMM[14]=0x0000000000000000 0x0000000000000000
XMM[15]=0xcafebabecafebabe 0xcafebabecafebabe
  MXCSR=0x00001fa0


Register to memory mapping:

RAX=0x00000000000ed7b1 is an unknown value
RBX=0x0000712448000c30 points into unknown readable memory: 0x00000007fbad2488 | 88 24 ad fb 07 00 00 00
RCX=0x0a68676665646362 is an unknown value
RDX=0x0000000000000009 is an unknown value
RSP=0x000071244dffe518 is pointing into the stack for thread: 0x0000712448018e20
RBP=0x000071244dffe5a8 is pointing into the stack for thread: 0x0000712448018e20
RSI=0x6867666564636261 is an unknown value
RDI=0x00000000000ed7b1 is an unknown value
R8 =0x0000712448084c10 points into unknown readable memory: 0x6867666564636261 | 61 62 63 64 65 66 67 68
R9 =0x0000712448084c10 points into unknown readable memory: 0x6867666564636261 | 61 62 63 64 65 66 67 68
R10=0x0000712448000690 points into unknown readable memory: 0x0000712448000680 | 80 06 00 48 24 71 00 00
R11=0x0000000000000246 is an unknown value
R12=0x0000000000000009 is an unknown value
R13=0x0000712448084c18 points into unknown readable memory: 0x676665646362610a | 0a 61 62 63 64 65 66 67
R14=0x0000000000000009 is an unknown value
R15=0x0 is null

Top of Stack: (sp=0x000071244dffe518)
0x000071244dffe518:   000071244f6801ad 00007124480834f0
0x000071244dffe528:   0000712448084c10 000071244dffe5b0
0x000071244dffe538:   0000000a4f8333aa 000071244f839000
0x000071244dffe548:   00007124480834f0 000071244dffe5d0
0x000071244dffe558:   0000000000000000 00007123e44017c8
0x000071244dffe568:   000071244dffe850 0000712448018e20
0x000071244dffe578:   000071244f8384cf 0000712448000c30
0x000071244dffe588:   0000000548083860 00007124480815d0
0x000071244dffe598:   0000712448083960 0000000000000000
0x000071244dffe5a8:   00000000000ed7b1 000000006816bddf
0x000071244dffe5b8:   00000000000cbf56 000071244dffe6a0
0x000071244dffe5c8:   816c865077035e00 000071244dffe6a0
0x000071244dffe5d8:   000071244f838a65 0000712448081370
0x000071244dffe5e8:   0000712448082440 0000000a00000000
0x000071244dffe5f8:   000071244807eec0 00007124480811e0
0x000071244dffe608:   000071244807d410 0000000000000000
0x000071244dffe618:   0000008900000000 0000000100000001
0x000071244dffe628:   0000000000000089 0000712448083860
0x000071244dffe638:   00007124480838b0 0000712448083ea0
0x000071244dffe648:   00007ffcf1d3f75b 0000712448083960
0x000071244dffe658:   0000712448083990 00007124480839e0
0x000071244dffe668:   0000712448083e50 0000712448000c30
0x000071244dffe678:   0000712448000c30 0000712448083ee0
0x000071244dffe688:   000071244807d410 00007124480834f0
0x000071244dffe698:   816c865077035e00 000071244dffe780
0x000071244dffe6a8:   000071244f8535e2 00000000000003e8
0x000071244dffe6b8:   000071244f8535b8 000003e800000000
0x000071244dffe6c8:   000071244dffe838 000071244dffe840
0x000071244dffe6d8:   000071244dffe848 000071244dffe850
0x000071244dffe6e8:   00007124480191d8 0000000000000000
0x000071244dffe6f8:   0000000a4dffe700 0000000a00000014
0x000071244dffe708:   0000000a00000015 000071244807d410 

Instructions: (pc=0x000071244f7a0848)
0x000071244f7a0748:   40 0f 87 3e 01 00 00 c5 fe 6f 4c 16 e0 c5 fe 7f
0x000071244f7a0758:   07 c5 fe 7f 4c 17 e0 c5 f8 77 c3 66 66 2e 0f 1f
0x000071244f7a0768:   84 00 00 00 00 00 66 90 f3 0f 1e fa 48 39 d1 0f
0x000071244f7a0778:   82 83 47 f9 ff 0f 1f 00 f3 0f 1e fa 48 89 f8 48
0x000071244f7a0788:   01 d0 eb 3b 0f 1f 40 00 f3 0f 1e fa 48 39 d1 0f
0x000071244f7a0798:   82 63 47 f9 ff 66 66 2e 0f 1f 84 00 00 00 00 00
0x000071244f7a07a8:   66 66 2e 0f 1f 84 00 00 00 00 00 66 66 2e 0f 1f
0x000071244f7a07b8:   84 00 00 00 00 00 66 90 f3 0f 1e fa 48 89 f8 48
0x000071244f7a07c8:   83 fa 20 72 23 c5 fe 6f 06 48 83 fa 40 0f 87 a5
0x000071244f7a07d8:   00 00 00 c5 fe 6f 4c 16 e0 c5 fe 7f 07 c5 fe 7f
0x000071244f7a07e8:   4c 17 e0 c5 f8 77 c3 90 83 fa 10 73 2d 83 fa 08
0x000071244f7a07f8:   73 46 83 fa 04 73 16 83 fa 01 7c 10 8a 0e 74 0a
0x000071244f7a0808:   0f b7 74 16 fe 66 89 74 17 fe 88 0f c3 8b 4c 16
0x000071244f7a0818:   fc 8b 36 89 4c 17 fc 89 37 c3 c5 fa 6f 06 c5 fa
0x000071244f7a0828:   6f 4c 16 f0 c5 fa 7f 07 c5 fa 7f 4c 17 f0 c3 66
0x000071244f7a0838:   0f 1f 84 00 00 00 00 00 48 8b 4c 16 f8 48 8b 36
0x000071244f7a0848:   48 89 37 48 89 4c 17 f8 c3 c5 fe 6f 54 16 e0 c5
0x000071244f7a0858:   fe 6f 5c 16 c0 c5 fe 7f 07 c5 fe 7f 4f 20 c5 fe
0x000071244f7a0868:   7f 54 17 e0 c5 fe 7f 5c 17 c0 c5 f8 77 c3 66 2e
0x000071244f7a0878:   0f 1f 84 00 00 00 00 00 48 3b 15 71 9b 07 00 0f
0x000071244f7a0888:   87 f3 01 00 00 48 81 fa 00 01 00 00 77 5f c5 fe
0x000071244f7a0898:   6f 4e 20 48 81 fa 80 00 00 00 76 ad c5 fe 6f 56
0x000071244f7a08a8:   40 c5 fe 6f 5e 60 c5 fe 6f 64 16 e0 c5 fe 6f 6c
0x000071244f7a08b8:   16 c0 c5 fe 6f 74 16 a0 c5 fe 6f 7c 16 80 c5 fe
0x000071244f7a08c8:   7f 07 c5 fe 7f 4f 20 c5 fe 7f 57 40 c5 fe 7f 5f
0x000071244f7a08d8:   60 c5 fe 7f 64 17 e0 c5 fe 7f 6c 17 c0 c5 fe 7f
0x000071244f7a08e8:   74 17 a0 c5 fe 7f 7c 17 80 c5 f8 77 c3 48 89 f9
0x000071244f7a08f8:   48 29 f1 48 39 d1 0f 82 ac 00 00 00 48 3b 15 9d
0x000071244f7a0908:   0c 08 00 0f 87 dc 01 00 00 4c 8d 04 11 49 31 c8
0x000071244f7a0918:   49 c1 e8 3f 81 e1 00 0f 00 00 44 01 c1 0f 84 8a
0x000071244f7a0928:   00 00 00 c5 fe 6f 6c 16 e0 c5 fe 6f 74 16 c0 48
0x000071244f7a0938:   89 f9 48 83 cf 1f c5 fe 6f 7c 16 a0 c5 7e 6f 44 


Stack slot to memory mapping:

stack at sp + 0 slots: 0x000071244f6801ad: getdelim+0x00000000000000fd in /lib/x86_64-linux-gnu/libc.so.6 at 0x000071244f600000
stack at sp + 1 slots: 0x00007124480834f0 points into unknown readable memory: 0x00007124480837f0 | f0 37 08 48 24 71 00 00
stack at sp + 2 slots: 0x0000712448084c10 points into unknown readable memory: 0x6867666564636261 | 61 62 63 64 65 66 67 68
stack at sp + 3 slots: 0x000071244dffe5b0 is pointing into the stack for thread: 0x0000712448018e20
stack at sp + 4 slots: 0x0000000a4f8333aa is an unknown value
stack at sp + 5 slots: 0x000071244f839000: <offset 0x0000000000002000> in /lib/libeval.so at 0x000071244f837000
stack at sp + 6 slots: 0x00007124480834f0 points into unknown readable memory: 0x00007124480837f0 | f0 37 08 48 24 71 00 00
stack at sp + 7 slots: 0x000071244dffe5d0 is pointing into the stack for thread: 0x0000712448018e20


---------------  P R O C E S S  ---------------

Threads class SMR info:
_java_thread_list=0x000071244807bd50, length=10, elements={
0x0000712448018e20, 0x00007124480638e0, 0x0000712448064e10, 0x0000712448066570,
0x0000712448067b70, 0x00007124480690d0, 0x000071244806abd0, 0x000071244806c250,
0x00007124480780b0, 0x000071244807ac50
}

Java Threads: ( => current thread )
=>0x0000712448018e20 JavaThread "main"                              [_thread_in_native, id=139894, stack(0x000071244df00000,0x000071244e000000) (1024K)]
  0x00007124480638e0 JavaThread "Reference Handler"          daemon [_thread_blocked, id=139897, stack(0x000071244d300000,0x000071244d400000) (1024K)]
  0x0000712448064e10 JavaThread "Finalizer"                  daemon [_thread_blocked, id=139898, stack(0x000071244d200000,0x000071244d300000) (1024K)]
  0x0000712448066570 JavaThread "Signal Dispatcher"          daemon [_thread_blocked, id=139899, stack(0x000071244d100000,0x000071244d200000) (1024K)]
  0x0000712448067b70 JavaThread "Service Thread"             daemon [_thread_blocked, id=139900, stack(0x000071244d000000,0x000071244d100000) (1024K)]
  0x00007124480690d0 JavaThread "Monitor Deflation Thread"   daemon [_thread_blocked, id=139901, stack(0x000071244cf00000,0x000071244d000000) (1024K)]
  0x000071244806abd0 JavaThread "C2 CompilerThread0"         daemon [_thread_blocked, id=139902, stack(0x000071244ce00000,0x000071244cf00000) (1024K)]
  0x000071244806c250 JavaThread "C1 CompilerThread0"         daemon [_thread_blocked, id=139903, stack(0x000071244cd00000,0x000071244ce00000) (1024K)]
  0x00007124480780b0 JavaThread "Notification Thread"        daemon [_thread_blocked, id=139904, stack(0x000071244cb2f000,0x000071244cc2f000) (1024K)]
  0x000071244807ac50 JavaThread "Common-Cleaner"             daemon [_thread_blocked, id=139905, stack(0x000071244ca2f000,0x000071244cb2f000) (1024K)]
Total: 10

Other Threads:
  0x0000712448057a80 VMThread "VM Thread"                           [id=139896, stack(0x000071244d7a8000,0x000071244d8a8000) (1024K)]
  0x0000712448046c10 WatcherThread "VM Periodic Task Thread"        [id=139895, stack(0x000071244d8a9000,0x000071244d9a9000) (1024K)]
Total: 2

Threads with active compile tasks:
Total: 0

VM state: not at safepoint (normal execution)

VM Mutex/Monitor currently owned by a thread: None

Heap address: 0x00000000f1000000, size: 240 MB, Compressed Oops mode: 32-bit

CDS archive(s) mapped at: [0x00007123ef000000-0x00007123efc97000-0x00007123efc97000), size 13201408, SharedBaseAddress: 0x00007123ef000000, ArchiveRelocationMode: 1.
Compressed class space mapped at: 0x00007123f0000000-0x0000712430000000, reserved size: 1073741824
Narrow klass base: 0x00007123ef000000, Narrow klass shift: 0, Narrow klass range: 0x100000000

GC Precious Log:
 CardTable entry size: 512
 CPUs: 1 total, 1 available
 Memory: 957M
 Large Page Support: Disabled
 NUMA Support: Disabled
 Compressed Oops: Enabled (32-bit)
 Heap Min Capacity: 8M
 Heap Initial Capacity: 16M
 Heap Max Capacity: 240M
 Pre-touch: Disabled

Heap:
 def new generation   total 4928K, used 441K [0x00000000f1000000, 0x00000000f1550000, 0x00000000f6000000)
  eden space 4416K,  10% used [0x00000000f1000000, 0x00000000f106e6d0, 0x00000000f1450000)
  from space 512K,   0% used [0x00000000f1450000, 0x00000000f1450000, 0x00000000f14d0000)
  to   space 512K,   0% used [0x00000000f14d0000, 0x00000000f14d0000, 0x00000000f1550000)
 tenured generation   total 10944K, used 1073K [0x00000000f6000000, 0x00000000f6ab0000, 0x0000000100000000)
   the space 10944K,   9% used [0x00000000f6000000, 0x00000000f610c708, 0x00000000f610c800, 0x00000000f6ab0000)
 Metaspace       used 85K, committed 320K, reserved 1114112K
  class space    used 6K, committed 128K, reserved 1048576K

Card table byte_map: [0x000071244f868000,0x000071244f8e1000] _byte_map_base: 0x000071244f0e0000

Polling page: 0x000071244f919000

Metaspace:

Usage:
  Non-class:     78.70 KB used.
      Class:      6.59 KB used.
       Both:     85.28 KB used.

Virtual space:
  Non-class space:       64.00 MB reserved,     192.00 KB ( <1%) committed,  1 nodes.
      Class space:        1.00 GB reserved,     128.00 KB ( <1%) committed,  1 nodes.
             Both:        1.06 GB reserved,     320.00 KB ( <1%) committed. 

Chunk freelists:
   Non-Class:  11.99 MB
       Class:  15.75 MB
        Both:  27.74 MB

MaxMetaspaceSize: unlimited
CompressedClassSpaceSize: 1.00 GB
Initial GC threshold: 21.00 MB
Current GC threshold: 21.00 MB
CDS: on
 - commit_granule_bytes: 65536.
 - commit_granule_words: 8192.
 - virtual_space_node_default_size: 8388608.
 - enlarge_chunks_in_place: 1.
 - use_allocation_guard: 0.


Internal statistics:

num_allocs_failed_limit: 0.
num_arena_births: 4.
num_arena_deaths: 0.
num_vsnodes_births: 2.
num_vsnodes_deaths: 0.
num_space_committed: 5.
num_space_uncommitted: 0.
num_chunks_returned_to_freelist: 0.
num_chunks_taken_from_freelist: 5.
num_chunk_merges: 0.
num_chunk_splits: 3.
num_chunks_enlarged: 1.
num_inconsistent_stats: 0.

CodeHeap 'non-profiled nmethods': size=120036Kb used=2Kb max_used=2Kb free=120034Kb
 bounds [0x00007124382c7000, 0x0000712438537000, 0x000071243f800000]
CodeHeap 'profiled nmethods': size=120032Kb used=5Kb max_used=5Kb free=120027Kb
 bounds [0x0000712430800000, 0x0000712430a70000, 0x0000712437d38000]
CodeHeap 'non-nmethods': size=5692Kb used=1063Kb max_used=1076Kb free=4628Kb
 bounds [0x0000712437d38000, 0x0000712437fa8000, 0x00007124382c7000]
 total_blobs=304 nmethods=7 adapters=206
 compilation: enabled
              stopped_count=0, restarted_count=0
 full_count=0

Compilation events (10 events):
Event: 0.029 Thread 0x000071244806c250    2       3       java.lang.Object::<init> (1 bytes)
Event: 0.029 Thread 0x000071244806c250 nmethod 2 0x0000712430800010 code [0x00007124308001a0, 0x00007124308002a0]
Event: 0.034 Thread 0x000071244806c250    3       3       java.lang.String::coder (15 bytes)
Event: 0.034 Thread 0x000071244806c250 nmethod 3 0x0000712430800310 code [0x00007124308004a0, 0x00007124308005d0]
Event: 0.037 Thread 0x000071244806c250    4       3       java.lang.String::hashCode (60 bytes)
Event: 0.037 Thread 0x000071244806c250 nmethod 4 0x0000712430800690 code [0x0000712430800860, 0x0000712430800b88]
Event: 0.038 Thread 0x000071244806c250    5       3       java.lang.String::length (11 bytes)
Event: 0.038 Thread 0x000071244806c250 nmethod 5 0x0000712430800c90 code [0x0000712430800e40, 0x0000712430800fd8]
Event: 0.038 Thread 0x000071244806c250    7       3       java.lang.String::isLatin1 (19 bytes)
Event: 0.039 Thread 0x000071244806c250 nmethod 7 0x0000712430801090 code [0x0000712430801220, 0x0000712430801388]

GC Heap History (0 events):
No events

Dll operation events (3 events):
Event: 0.002 Loaded shared library /usr/lib/jvm/java-21-openjdk-amd64/lib/libjava.so
Event: 0.030 Loaded shared library /usr/lib/jvm/java-21-openjdk-amd64/lib/libjsvml.so
Event: 0.038 Loaded shared library /usr/lib/libevaluador.so

Deoptimization events (0 events):
No events

Classes loaded (8 events):
Event: 0.024 Loading class sun/nio/cs/UTF_8$Encoder
Event: 0.024 Loading class sun/nio/cs/UTF_8$Encoder done
Event: 0.033 Loading class jdk/internal/vm/PostVMInitHook
Event: 0.033 Loading class jdk/internal/vm/PostVMInitHook done
Event: 0.033 Loading class jdk/internal/loader/URLClassPath$FileLoader
Event: 0.034 Loading class jdk/internal/loader/URLClassPath$FileLoader done
Event: 0.034 Loading class jdk/internal/loader/URLClassPath$FileLoader$1
Event: 0.034 Loading class jdk/internal/loader/URLClassPath$FileLoader$1 done

Classes unloaded (0 events):
No events

Classes redefined (0 events):
No events

Internal exceptions (0 events):
No events

ZGC Phase Switch (0 events):
No events

VM Operations (0 events):
No events

Memory protections (10 events):
Event: 0.002 Protecting memory [0x000071244df00000,0x000071244df04000] with protection modes 0
Event: 0.024 Protecting memory [0x000071244d300000,0x000071244d304000] with protection modes 0
Event: 0.025 Protecting memory [0x000071244d200000,0x000071244d204000] with protection modes 0
Event: 0.025 Protecting memory [0x000071244d100000,0x000071244d104000] with protection modes 0
Event: 0.025 Protecting memory [0x000071244d000000,0x000071244d004000] with protection modes 0
Event: 0.025 Protecting memory [0x000071244cf00000,0x000071244cf04000] with protection modes 0
Event: 0.025 Protecting memory [0x000071244ce00000,0x000071244ce04000] with protection modes 0
Event: 0.027 Protecting memory [0x000071244cd00000,0x000071244cd04000] with protection modes 0
Event: 0.034 Protecting memory [0x000071244cb2f000,0x000071244cb33000] with protection modes 0
Event: 0.036 Protecting memory [0x000071244ca2f000,0x000071244ca33000] with protection modes 0

Nmethod flushes (0 events):
No events

Events (10 events):
Event: 0.015 Thread 0x0000712448018e20 Thread added: 0x0000712448018e20
Event: 0.024 Thread 0x0000712448018e20 Thread added: 0x00007124480638e0
Event: 0.025 Thread 0x0000712448018e20 Thread added: 0x0000712448064e10
Event: 0.025 Thread 0x0000712448018e20 Thread added: 0x0000712448066570
Event: 0.025 Thread 0x0000712448018e20 Thread added: 0x0000712448067b70
Event: 0.025 Thread 0x0000712448018e20 Thread added: 0x00007124480690d0
Event: 0.025 Thread 0x0000712448018e20 Thread added: 0x000071244806abd0
Event: 0.026 Thread 0x0000712448018e20 Thread added: 0x000071244806c250
Event: 0.033 Thread 0x0000712448018e20 Thread added: 0x00007124480780b0
Event: 0.035 Thread 0x0000712448018e20 Thread added: 0x000071244807ac50


Dynamic libraries:
f1000000-f1550000 rw-p 00000000 00:00 0 
f1550000-f6000000 ---p 00000000 00:00 0 
f6000000-f6ab0000 rw-p 00000000 00:00 0 
f6ab0000-100000000 ---p 00000000 00:00 0 
5746faa54000-5746faa55000 r--p 00000000 ca:01 273703                     /usr/lib/jvm/java-21-openjdk-amd64/bin/java
5746faa55000-5746faa56000 r-xp 00001000 ca:01 273703                     /usr/lib/jvm/java-21-openjdk-amd64/bin/java
5746faa56000-5746faa57000 r--p 00002000 ca:01 273703                     /usr/lib/jvm/java-21-openjdk-amd64/bin/java
5746faa57000-5746faa58000 r--p 00002000 ca:01 273703                     /usr/lib/jvm/java-21-openjdk-amd64/bin/java
5746faa58000-5746faa59000 rw-p 00003000 ca:01 273703                     /usr/lib/jvm/java-21-openjdk-amd64/bin/java
57470156b000-5747015d3000 rw-p 00000000 00:00 0                          [heap]
7123c0000000-7123c0024000 rw-p 00000000 00:00 0 
7123c0024000-7123c4000000 ---p 00000000 00:00 0 
7123c4000000-7123c4021000 rw-p 00000000 00:00 0 
7123c4021000-7123c8000000 ---p 00000000 00:00 0 
7123cc000000-7123cc021000 rw-p 00000000 00:00 0 
7123cc021000-7123d0000000 ---p 00000000 00:00 0 
7123d0000000-7123d0021000 rw-p 00000000 00:00 0 
7123d0021000-7123d4000000 ---p 00000000 00:00 0 
7123d8000000-7123d8021000 rw-p 00000000 00:00 0 
7123d8021000-7123dc000000 ---p 00000000 00:00 0 
7123dc000000-7123dc021000 rw-p 00000000 00:00 0 
7123dc021000-7123e0000000 ---p 00000000 00:00 0 
7123e4000000-7123e4020000 rw-p 00000000 00:00 0 
7123e4020000-7123e4400000 ---p 00000000 00:00 0 
7123e4400000-7123e4410000 rw-p 00000000 00:00 0 
7123e4410000-7123e8000000 ---p 00000000 00:00 0 
7123e8000000-7123e8021000 rw-p 00000000 00:00 0 
7123e8021000-7123ec000000 ---p 00000000 00:00 0 
7123ef000000-7123efc97000 rw-p 00001000 ca:01 273856                     /usr/lib/jvm/java-21-openjdk-amd64/lib/server/classes.jsa
7123efc97000-7123f0000000 ---p 00000000 00:00 0 
7123f0000000-7123f0010000 rw-p 00000000 00:00 0 
7123f0010000-7123f0040000 ---p 00000000 00:00 0 
7123f0040000-7123f0050000 rw-p 00000000 00:00 0 
7123f0050000-712430000000 ---p 00000000 00:00 0 
712430800000-712430a70000 rwxp 00000000 00:00 0 
712430a70000-712437d38000 ---p 00000000 00:00 0 
712437d38000-712437fa8000 rwxp 00000000 00:00 0 
712437fa8000-7124382c7000 ---p 00000000 00:00 0 
7124382c7000-712438537000 rwxp 00000000 00:00 0 
712438537000-71243f800000 ---p 00000000 00:00 0 
71243f800000-712447e10000 r--s 00000000 ca:01 273853                     /usr/lib/jvm/java-21-openjdk-amd64/lib/modules
712448000000-7124480a2000 rw-p 00000000 00:00 0 
7124480a2000-71244c000000 ---p 00000000 00:00 0 
71244ca2f000-71244ca33000 ---p 00000000 00:00 0 
71244ca33000-71244cb2f000 rw-p 00000000 00:00 0 
71244cb2f000-71244cb33000 ---p 00000000 00:00 0 
71244cb33000-71244cc2f000 rw-p 00000000 00:00 0 
71244cc2f000-71244cc34000 r--p 00000000 ca:01 273837                     /usr/lib/jvm/java-21-openjdk-amd64/lib/libjsvml.so
71244cc34000-71244cc75000 r-xp 00005000 ca:01 273837                     /usr/lib/jvm/java-21-openjdk-amd64/lib/libjsvml.so
71244cc75000-71244ccfe000 r--p 00046000 ca:01 273837                     /usr/lib/jvm/java-21-openjdk-amd64/lib/libjsvml.so
71244ccfe000-71244ccff000 r--p 000ce000 ca:01 273837                     /usr/lib/jvm/java-21-openjdk-amd64/lib/libjsvml.so
71244ccff000-71244cd00000 rw-p 000cf000 ca:01 273837                     /usr/lib/jvm/java-21-openjdk-amd64/lib/libjsvml.so
71244cd00000-71244cd04000 ---p 00000000 00:00 0 
71244cd04000-71244ce00000 rw-p 00000000 00:00 0 
71244ce00000-71244ce04000 ---p 00000000 00:00 0 
71244ce04000-71244cf00000 rw-p 00000000 00:00 0 
71244cf00000-71244cf04000 ---p 00000000 00:00 0 
71244cf04000-71244d000000 rw-p 00000000 00:00 0 
71244d000000-71244d004000 ---p 00000000 00:00 0 
71244d004000-71244d100000 rw-p 00000000 00:00 0 
71244d100000-71244d104000 ---p 00000000 00:00 0 
71244d104000-71244d200000 rw-p 00000000 00:00 0 
71244d200000-71244d204000 ---p 00000000 00:00 0 
71244d204000-71244d300000 rw-p 00000000 00:00 0 
71244d300000-71244d304000 ---p 00000000 00:00 0 
71244d304000-71244d400000 rw-p 00000000 00:00 0 
71244d400000-71244d6e9000 r--p 00000000 ca:01 2573                       /usr/lib/locale/locale-archive
71244d7a7000-71244d7a8000 ---p 00000000 00:00 0 
71244d7a8000-71244d8a8000 rw-p 00000000 00:00 0 
71244d8a8000-71244d8a9000 ---p 00000000 00:00 0 
71244d8a9000-71244d9a9000 rw-p 00000000 00:00 0 
71244d9a9000-71244da2f000 rw-p 00000000 00:00 0 
71244da2f000-71244db15000 ---p 00000000 00:00 0 
71244db15000-71244db1a000 rw-p 00000000 00:00 0 
71244db1a000-71244dc00000 ---p 00000000 00:00 0 
71244dc00000-71244dc9a000 r--p 00000000 ca:01 5020                       /usr/lib/x86_64-linux-gnu/libstdc++.so.6.0.30
71244dc9a000-71244ddab000 r-xp 0009a000 ca:01 5020                       /usr/lib/x86_64-linux-gnu/libstdc++.so.6.0.30
71244ddab000-71244de1a000 r--p 001ab000 ca:01 5020                       /usr/lib/x86_64-linux-gnu/libstdc++.so.6.0.30
71244de1a000-71244de1b000 ---p 0021a000 ca:01 5020                       /usr/lib/x86_64-linux-gnu/libstdc++.so.6.0.30
71244de1b000-71244de26000 r--p 0021a000 ca:01 5020                       /usr/lib/x86_64-linux-gnu/libstdc++.so.6.0.30
71244de26000-71244de29000 rw-p 00225000 ca:01 5020                       /usr/lib/x86_64-linux-gnu/libstdc++.so.6.0.30
71244de29000-71244de2c000 rw-p 00000000 00:00 0 
71244de4e000-71244dea5000 r--p 00000000 ca:01 74377                      /usr/lib/locale/C.utf8/LC_CTYPE
71244dea5000-71244df00000 rw-p 00000000 00:00 0 
71244df00000-71244df04000 ---p 00000000 00:00 0 
71244df04000-71244e000000 rw-p 00000000 00:00 0 
71244e000000-71244e2a1000 r--p 00000000 ca:01 273859                     /usr/lib/jvm/java-21-openjdk-amd64/lib/server/libjvm.so
71244e2a1000-71244f113000 r-xp 002a1000 ca:01 273859                     /usr/lib/jvm/java-21-openjdk-amd64/lib/server/libjvm.so
71244f113000-71244f3eb000 r--p 01113000 ca:01 273859                     /usr/lib/jvm/java-21-openjdk-amd64/lib/server/libjvm.so
71244f3eb000-71244f3ec000 ---p 013eb000 ca:01 273859                     /usr/lib/jvm/java-21-openjdk-amd64/lib/server/libjvm.so
71244f3ec000-71244f4bf000 r--p 013eb000 ca:01 273859                     /usr/lib/jvm/java-21-openjdk-amd64/lib/server/libjvm.so
71244f4bf000-71244f4ef000 rw-p 014be000 ca:01 273859                     /usr/lib/jvm/java-21-openjdk-amd64/lib/server/libjvm.so
71244f4ef000-71244f555000 rw-p 00000000 00:00 0 
71244f56e000-71244f5b5000 rw-p 00000000 00:00 0 
71244f5b5000-71244f600000 ---p 00000000 00:00 0 
71244f600000-71244f628000 r--p 00000000 ca:01 22841                      /usr/lib/x86_64-linux-gnu/libc.so.6
71244f628000-71244f7bd000 r-xp 00028000 ca:01 22841                      /usr/lib/x86_64-linux-gnu/libc.so.6
71244f7bd000-71244f815000 r--p 001bd000 ca:01 22841                      /usr/lib/x86_64-linux-gnu/libc.so.6
71244f815000-71244f816000 ---p 00215000 ca:01 22841                      /usr/lib/x86_64-linux-gnu/libc.so.6
71244f816000-71244f81a000 r--p 00215000 ca:01 22841                      /usr/lib/x86_64-linux-gnu/libc.so.6
71244f81a000-71244f81c000 rw-p 00219000 ca:01 22841                      /usr/lib/x86_64-linux-gnu/libc.so.6
71244f81c000-71244f829000 rw-p 00000000 00:00 0 
71244f832000-71244f833000 r--p 00000000 ca:01 2370                       /usr/lib/libstr.so
71244f833000-71244f834000 r-xp 00001000 ca:01 2370                       /usr/lib/libstr.so
71244f834000-71244f835000 r--p 00002000 ca:01 2370                       /usr/lib/libstr.so
71244f835000-71244f836000 r--p 00002000 ca:01 2370                       /usr/lib/libstr.so
71244f836000-71244f837000 rw-p 00003000 ca:01 2370                       /usr/lib/libstr.so
71244f837000-71244f838000 r--p 00000000 ca:01 38736                      /usr/lib/libeval.so
71244f838000-71244f839000 r-xp 00001000 ca:01 38736                      /usr/lib/libeval.so
71244f839000-71244f83a000 r--p 00002000 ca:01 38736                      /usr/lib/libeval.so
71244f83a000-71244f83b000 r--p 00002000 ca:01 38736                      /usr/lib/libeval.so
71244f83b000-71244f83c000 rw-p 00003000 ca:01 38736                      /usr/lib/libeval.so
71244f83c000-71244f83e000 r--p 00000000 ca:01 18550                      /usr/local/lib/libcjson.so.1.7.18
71244f83e000-71244f844000 r-xp 00002000 ca:01 18550                      /usr/local/lib/libcjson.so.1.7.18
71244f844000-71244f846000 r--p 00008000 ca:01 18550                      /usr/local/lib/libcjson.so.1.7.18
71244f846000-71244f847000 r--p 00009000 ca:01 18550                      /usr/local/lib/libcjson.so.1.7.18
71244f847000-71244f848000 rw-p 0000a000 ca:01 18550                      /usr/local/lib/libcjson.so.1.7.18
71244f852000-71244f853000 r--p 00000000 ca:01 38437                      /usr/lib/libevaluador.so
71244f853000-71244f854000 r-xp 00001000 ca:01 38437                      /usr/lib/libevaluador.so
71244f854000-71244f855000 r--p 00002000 ca:01 38437                      /usr/lib/libevaluador.so
71244f855000-71244f856000 r--p 00002000 ca:01 38437                      /usr/lib/libevaluador.so
71244f856000-71244f857000 rw-p 00003000 ca:01 38437                      /usr/lib/libevaluador.so
71244f857000-71244f858000 r--p 00000000 ca:01 74383                      /usr/lib/locale/C.utf8/LC_NUMERIC
71244f858000-71244f859000 r--p 00000000 ca:01 74386                      /usr/lib/locale/C.utf8/LC_TIME
71244f859000-71244f85a000 r--p 00000000 ca:01 74376                      /usr/lib/locale/C.utf8/LC_COLLATE
71244f85a000-71244f85b000 r--p 00000000 ca:01 74381                      /usr/lib/locale/C.utf8/LC_MONETARY
71244f85b000-71244f85c000 r--p 00000000 ca:01 74380                      /usr/lib/locale/C.utf8/LC_MESSAGES/SYS_LC_MESSAGES
71244f85c000-71244f85d000 r--p 00000000 ca:01 74384                      /usr/lib/locale/C.utf8/LC_PAPER
71244f85d000-71244f85e000 r--p 00000000 ca:01 74382                      /usr/lib/locale/C.utf8/LC_NAME
71244f85e000-71244f85f000 r--p 00000000 ca:01 74375                      /usr/lib/locale/C.utf8/LC_ADDRESS
71244f85f000-71244f860000 r--p 00000000 ca:01 74385                      /usr/lib/locale/C.utf8/LC_TELEPHONE
71244f860000-71244f861000 r--p 00000000 ca:01 74379                      /usr/lib/locale/C.utf8/LC_MEASUREMENT
71244f861000-71244f868000 r--s 00000000 ca:01 74706                      /usr/lib/x86_64-linux-gnu/gconv/gconv-modules.cache
71244f868000-71244f86b000 rw-p 00000000 00:00 0 
71244f86b000-71244f890000 ---p 00000000 00:00 0 
71244f890000-71244f896000 rw-p 00000000 00:00 0 
71244f896000-71244f8e1000 ---p 00000000 00:00 0 
71244f8e1000-71244f8e6000 rw-p 00000000 00:00 0 
71244f8e6000-71244f8ed000 ---p 00000000 00:00 0 
71244f8ed000-71244f8fa000 r--p 00000000 ca:01 273830                     /usr/lib/jvm/java-21-openjdk-amd64/lib/libjava.so
71244f8fa000-71244f908000 r-xp 0000d000 ca:01 273830                     /usr/lib/jvm/java-21-openjdk-amd64/lib/libjava.so
71244f908000-71244f90d000 r--p 0001b000 ca:01 273830                     /usr/lib/jvm/java-21-openjdk-amd64/lib/libjava.so
71244f90d000-71244f90e000 ---p 00020000 ca:01 273830                     /usr/lib/jvm/java-21-openjdk-amd64/lib/libjava.so
71244f90e000-71244f90f000 r--p 00020000 ca:01 273830                     /usr/lib/jvm/java-21-openjdk-amd64/lib/libjava.so
71244f90f000-71244f910000 rw-p 00021000 ca:01 273830                     /usr/lib/jvm/java-21-openjdk-amd64/lib/libjava.so
71244f910000-71244f911000 rw-p 00000000 00:00 0 
71244f911000-71244f919000 rw-s 00000000 ca:01 2341                       /tmp/hsperfdata_ubuntu/139893
71244f919000-71244f91a000 ---p 00000000 00:00 0 
71244f91a000-71244f91b000 r--p 00000000 00:00 0 
71244f91b000-71244f91e000 r--p 00000000 ca:01 5021                       /usr/lib/x86_64-linux-gnu/libgcc_s.so.1
71244f91e000-71244f935000 r-xp 00003000 ca:01 5021                       /usr/lib/x86_64-linux-gnu/libgcc_s.so.1
71244f935000-71244f939000 r--p 0001a000 ca:01 5021                       /usr/lib/x86_64-linux-gnu/libgcc_s.so.1
71244f939000-71244f93a000 r--p 0001d000 ca:01 5021                       /usr/lib/x86_64-linux-gnu/libgcc_s.so.1
71244f93a000-71244f93b000 rw-p 0001e000 ca:01 5021                       /usr/lib/x86_64-linux-gnu/libgcc_s.so.1
71244f93b000-71244f949000 r--p 00000000 ca:01 69758                      /usr/lib/x86_64-linux-gnu/libm.so.6
71244f949000-71244f9c5000 r-xp 0000e000 ca:01 69758                      /usr/lib/x86_64-linux-gnu/libm.so.6
71244f9c5000-71244fa20000 r--p 0008a000 ca:01 69758                      /usr/lib/x86_64-linux-gnu/libm.so.6
71244fa20000-71244fa21000 r--p 000e4000 ca:01 69758                      /usr/lib/x86_64-linux-gnu/libm.so.6
71244fa21000-71244fa22000 rw-p 000e5000 ca:01 69758                      /usr/lib/x86_64-linux-gnu/libm.so.6
71244fa22000-71244fa25000 rw-p 00000000 00:00 0 
71244fa25000-71244fa27000 r--p 00000000 ca:01 273834                     /usr/lib/jvm/java-21-openjdk-amd64/lib/libjli.so
71244fa27000-71244fa31000 r-xp 00002000 ca:01 273834                     /usr/lib/jvm/java-21-openjdk-amd64/lib/libjli.so
71244fa31000-71244fa34000 r--p 0000c000 ca:01 273834                     /usr/lib/jvm/java-21-openjdk-amd64/lib/libjli.so
71244fa34000-71244fa35000 ---p 0000f000 ca:01 273834                     /usr/lib/jvm/java-21-openjdk-amd64/lib/libjli.so
71244fa35000-71244fa36000 r--p 0000f000 ca:01 273834                     /usr/lib/jvm/java-21-openjdk-amd64/lib/libjli.so
71244fa36000-71244fa37000 rw-p 00010000 ca:01 273834                     /usr/lib/jvm/java-21-openjdk-amd64/lib/libjli.so
71244fa37000-71244fa39000 r--p 00000000 ca:01 3908                       /usr/lib/x86_64-linux-gnu/libz.so.1.2.11
71244fa39000-71244fa4a000 r-xp 00002000 ca:01 3908                       /usr/lib/x86_64-linux-gnu/libz.so.1.2.11
71244fa4a000-71244fa50000 r--p 00013000 ca:01 3908                       /usr/lib/x86_64-linux-gnu/libz.so.1.2.11
71244fa50000-71244fa51000 ---p 00019000 ca:01 3908                       /usr/lib/x86_64-linux-gnu/libz.so.1.2.11
71244fa51000-71244fa52000 r--p 00019000 ca:01 3908                       /usr/lib/x86_64-linux-gnu/libz.so.1.2.11
71244fa52000-71244fa53000 rw-p 0001a000 ca:01 3908                       /usr/lib/x86_64-linux-gnu/libz.so.1.2.11
71244fa53000-71244fa54000 r--p 00000000 ca:01 74378                      /usr/lib/locale/C.utf8/LC_IDENTIFICATION
71244fa54000-71244fa56000 r--p 00000000 ca:01 273833                     /usr/lib/jvm/java-21-openjdk-amd64/lib/libjimage.so
71244fa56000-71244fa59000 r-xp 00002000 ca:01 273833                     /usr/lib/jvm/java-21-openjdk-amd64/lib/libjimage.so
71244fa59000-71244fa5a000 r--p 00005000 ca:01 273833                     /usr/lib/jvm/java-21-openjdk-amd64/lib/libjimage.so
71244fa5a000-71244fa5b000 ---p 00006000 ca:01 273833                     /usr/lib/jvm/java-21-openjdk-amd64/lib/libjimage.so
71244fa5b000-71244fa5c000 r--p 00006000 ca:01 273833                     /usr/lib/jvm/java-21-openjdk-amd64/lib/libjimage.so
71244fa5c000-71244fa5d000 rw-p 00007000 ca:01 273833                     /usr/lib/jvm/java-21-openjdk-amd64/lib/libjimage.so
71244fa5d000-71244fa5f000 rw-p 00000000 00:00 0 
71244fa5f000-71244fa61000 r--p 00000000 ca:01 17299                      /usr/lib/x86_64-linux-gnu/ld-linux-x86-64.so.2
71244fa61000-71244fa8b000 r-xp 00002000 ca:01 17299                      /usr/lib/x86_64-linux-gnu/ld-linux-x86-64.so.2
71244fa8b000-71244fa96000 r--p 0002c000 ca:01 17299                      /usr/lib/x86_64-linux-gnu/ld-linux-x86-64.so.2
71244fa96000-71244fa97000 ---p 00000000 00:00 0 
71244fa97000-71244fa99000 r--p 00037000 ca:01 17299                      /usr/lib/x86_64-linux-gnu/ld-linux-x86-64.so.2
71244fa99000-71244fa9b000 rw-p 00039000 ca:01 17299                      /usr/lib/x86_64-linux-gnu/ld-linux-x86-64.so.2
7ffcf1d1f000-7ffcf1d40000 rw-p 00000000 00:00 0                          [stack]
7ffcf1d9c000-7ffcf1da0000 r--p 00000000 00:00 0                          [vvar]
7ffcf1da0000-7ffcf1da2000 r-xp 00000000 00:00 0                          [vdso]
ffffffffff600000-ffffffffff601000 --xp 00000000 00:00 0                  [vsyscall]
Total number of mappings: 190


VM Arguments:
java_command: aplicacion.Aplicacion
java_class_path (initial): .
Launcher Type: SUN_STANDARD

[Global flags]
     intx CICompilerCount                          = 2                                         {product} {ergonomic}
   size_t InitialHeapSize                          = 16777216                                  {product} {ergonomic}
   size_t MaxHeapSize                              = 251658240                                 {product} {ergonomic}
   size_t MaxNewSize                               = 83886080                                  {product} {ergonomic}
   size_t MinHeapDeltaBytes                        = 196608                                    {product} {ergonomic}
   size_t MinHeapSize                              = 8388608                                   {product} {ergonomic}
   size_t NewSize                                  = 5570560                                   {product} {ergonomic}
    uintx NonNMethodCodeHeapSize                   = 5826188                                {pd product} {ergonomic}
    uintx NonProfiledCodeHeapSize                  = 122916026                              {pd product} {ergonomic}
   size_t OldSize                                  = 11206656                                  {product} {ergonomic}
    uintx ProfiledCodeHeapSize                     = 122916026                              {pd product} {ergonomic}
    uintx ReservedCodeCacheSize                    = 251658240                              {pd product} {ergonomic}
     bool SegmentedCodeCache                       = true                                      {product} {ergonomic}
   size_t SoftMaxHeapSize                          = 251658240                              {manageable} {ergonomic}
     bool UseCompressedOops                        = true                           {product lp64_product} {ergonomic}
     bool UseSerialGC                              = true                                      {product} {ergonomic}

Logging:
Log output configuration:
 #0: stdout all=warning uptime,level,tags foldmultilines=false
 #1: stderr all=off uptime,level,tags foldmultilines=false

Environment Variables:
PATH=/usr/local/sbin:/usr/local/bin:/usr/sbin:/usr/bin:/sbin:/bin:/usr/games:/usr/local/games:/snap/bin
SHELL=/bin/bash
LANG=C.UTF-8
TERM=xterm-256color

Active Locale:
LC_ALL=C.UTF-8
LC_COLLATE=C.UTF-8
LC_CTYPE=C.UTF-8
LC_MESSAGES=C.UTF-8
LC_MONETARY=C.UTF-8
LC_NUMERIC=C.UTF-8
LC_TIME=C.UTF-8

Signal Handlers:
   SIGSEGV: crash_handler in libjvm.so, mask=11100100010111111101111111111110, flags=SA_RESTART|SA_SIGINFO, unblocked
    SIGBUS: crash_handler in libjvm.so, mask=11100100010111111101111111111110, flags=SA_RESTART|SA_SIGINFO, unblocked
    SIGFPE: crash_handler in libjvm.so, mask=11100100010111111101111111111110, flags=SA_RESTART|SA_SIGINFO, unblocked
   SIGPIPE: javaSignalHandler in libjvm.so, mask=11100100010111111101111111111110, flags=SA_RESTART|SA_SIGINFO, blocked
   SIGXFSZ: javaSignalHandler in libjvm.so, mask=11100100010111111101111111111110, flags=SA_RESTART|SA_SIGINFO, blocked
    SIGILL: crash_handler in libjvm.so, mask=11100100010111111101111111111110, flags=SA_RESTART|SA_SIGINFO, unblocked
   SIGUSR2: SR_handler in libjvm.so, mask=00000000000000000000000000000000, flags=SA_RESTART|SA_SIGINFO, blocked
    SIGHUP: UserHandler in libjvm.so, mask=11100100010111111101111111111110, flags=SA_RESTART|SA_SIGINFO, blocked
    SIGINT: UserHandler in libjvm.so, mask=11100100010111111101111111111110, flags=SA_RESTART|SA_SIGINFO, blocked
   SIGTERM: UserHandler in libjvm.so, mask=11100100010111111101111111111110, flags=SA_RESTART|SA_SIGINFO, blocked
   SIGQUIT: UserHandler in libjvm.so, mask=11100100010111111101111111111110, flags=SA_RESTART|SA_SIGINFO, blocked
   SIGTRAP: crash_handler in libjvm.so, mask=11100100010111111101111111111110, flags=SA_RESTART|SA_SIGINFO, unblocked


Periodic native trim disabled

---------------  S Y S T E M  ---------------

OS:
DISTRIB_ID=Ubuntu
DISTRIB_RELEASE=22.04
DISTRIB_CODENAME=jammy
DISTRIB_DESCRIPTION="Ubuntu 22.04.5 LTS"
uname: Linux 6.8.0-1024-aws #26~22.04.1-Ubuntu SMP Wed Feb 19 06:54:57 UTC 2025 x86_64
OS uptime: 18 days 21:33 hours
libc: glibc 2.35 NPTL 2.35 
rlimit (soft/hard): STACK 8192k/infinity , CORE 0k/infinity , NPROC 3763/3763 , NOFILE 1048576/1048576 , AS infinity/infinity , CPU infinity/infinity , DATA infinity/infinity , FSIZE infinity/infinity , MEMLOCK 122548k/122548k
load average: 0.10 0.03 0.01

/proc/meminfo:
MemTotal:         980388 kB
MemFree:          110852 kB
MemAvailable:     492988 kB
Buffers:           19096 kB
Cached:           481912 kB
SwapCached:            0 kB
Active:           317320 kB
Inactive:         300204 kB
Active(anon):      85976 kB
Inactive(anon):    61388 kB
Active(file):     231344 kB
Inactive(file):   238816 kB
Unevictable:       36996 kB
Mlocked:           27620 kB
SwapTotal:             0 kB
SwapFree:              0 kB
Zswap:                 0 kB
Zswapped:              0 kB
Dirty:               412 kB
Writeback:             0 kB
AnonPages:        153588 kB
Mapped:            88580 kB
Shmem:             12404 kB
KReclaimable:      79376 kB
Slab:             140768 kB
SReclaimable:      79376 kB
SUnreclaim:        61392 kB
KernelStack:        2836 kB
PageTables:         5124 kB
SecPageTables:         0 kB
NFS_Unstable:          0 kB
Bounce:                0 kB
WritebackTmp:          0 kB
CommitLimit:      490192 kB
Committed_AS:     943860 kB
VmallocTotal:   34359738367 kB
VmallocUsed:       10728 kB
VmallocChunk:          0 kB
Percpu:             9664 kB
HardwareCorrupted:     0 kB
AnonHugePages:         0 kB
ShmemHugePages:        0 kB
ShmemPmdMapped:        0 kB
FileHugePages:         0 kB
FilePmdMapped:         0 kB
Unaccepted:            0 kB
HugePages_Total:       0
HugePages_Free:        0
HugePages_Rsvd:        0
HugePages_Surp:        0
Hugepagesize:       2048 kB
Hugetlb:               0 kB
DirectMap4k:       61440 kB
DirectMap2M:      987136 kB

/sys/kernel/mm/transparent_hugepage/enabled: always [madvise] never
/sys/kernel/mm/transparent_hugepage/hpage_pmd_size: 2097152
/sys/kernel/mm/transparent_hugepage/defrag (defrag/compaction efforts parameter): always defer defer+madvise [madvise] never

Process Memory:
Virtual Size: 2337184K (peak: 2337184K)
Resident Set Size: 41924K (peak: 41924K) (anon: 20992K, file: 20932K, shmem: 0K)
Swapped out: 0K
C-Heap outstanding allocations: 6883K, retained: 776K
glibc malloc tunables: (default)

/proc/sys/kernel/threads-max (system-wide limit on the number of threads): 7527
/proc/sys/vm/max_map_count (maximum number of memory map areas a process may have): 65530
/proc/sys/vm/swappiness (control to define how aggressively the kernel swaps out anonymous memory): 60
/proc/sys/kernel/pid_max (system-wide limit on number of process identifiers): 4194304

container (cgroup) information:
container_type: cgroupv2
cpu_cpuset_cpus: not supported
cpu_memory_nodes: not supported
active_processor_count: 1
cpu_quota: not supported
cpu_period: not supported
cpu_shares: not supported
memory_limit_in_bytes: unlimited
memory_and_swap_limit_in_bytes: unlimited
memory_soft_limit_in_bytes: unlimited
memory_usage_in_bytes: 254148 k
memory_max_usage_in_bytes: not supported
memory_swap_current_in_bytes: unlimited
memory_swap_max_limit_in_bytes: unlimited
maximum number of tasks: unlimited
current number of tasks: 16

Xen hardware-assisted virtualization detected
Steal ticks since vm start: 5
Steal ticks percentage since vm start:  0.018

CPU: total 1 (initial active 1) (1 cores per cpu, 1 threads per core) family 6 model 79 stepping 1 microcode 0xd0003f6, cx8, cmov, fxsr, mmx, sse, sse2, sse3, ssse3, sse4.1, sse4.2, popcnt, lzcnt, tsc, avx, avx2, aes, erms, clmul, bmi1, bmi2, fma, vzeroupper, clflush, hv, rdtscp, f16c
CPU Model and flags from /proc/cpuinfo:
model name	: Intel(R) Xeon(R) CPU E5-2686 v4 @ 2.30GHz
flags		: fpu vme de pse tsc msr pae mce cx8 apic sep mtrr pge mca cmov pat pse36 clflush mmx fxsr sse sse2 ht syscall nx rdtscp lm constant_tsc rep_good nopl xtopology cpuid tsc_known_freq pni pclmulqdq ssse3 fma cx16 pcid sse4_1 sse4_2 x2apic movbe popcnt tsc_deadline_timer aes xsave avx f16c rdrand hypervisor lahf_lm abm pti fsgsbase bmi1 avx2 smep bmi2 erms invpcid xsaveopt

Online cpus: 0
Offline cpus: 1-14
BIOS frequency limitation: <Not Available>
Frequency switch latency (ns): <Not Available>
Available cpu frequencies: <Not Available>
Current governor: <Not Available>
Core performance/turbo boost: <Not Available>

Memory: 4k page, physical 980388k(492988k free), swap 0k(0k free)
Page Sizes: 4k

vm_info: OpenJDK 64-Bit Server VM (21.0.6+7-Ubuntu-122.04.1) for linux-amd64 JRE (21.0.6+7-Ubuntu-122.04.1), built on 2025-01-23T22:52:17Z by "buildd" with gcc 12.3.0

END.
